{"C:\\Users\\Евгений\\Desktop\\jquery-slider-plugin\\src\\components\\progress-bar\\ProgressBar.ts": {"path":"C:\\Users\\Евгений\\Desktop\\jquery-slider-plugin\\src\\components\\progress-bar\\ProgressBar.ts","statementMap":{"0":{"start":{"line":1,"column":0},"end":{"line":1,"column":51}},"1":{"start":{"line":3,"column":0},"end":{"line":3,"column":29}},"2":{"start":{"line":5,"column":0},"end":{"line":5,"column":null}},"3":{"start":{"line":5,"column":26},"end":{"line":5,"column":34}},"4":{"start":{"line":11,"column":4},"end":{"line":11,"column":null}},"5":{"start":{"line":12,"column":4},"end":{"line":12,"column":35}},"6":{"start":{"line":13,"column":4},"end":{"line":18,"column":7}},"7":{"start":{"line":16,"column":36},"end":{"line":16,"column":null}},"8":{"start":{"line":21,"column":9},"end":{"line":23,"column":null}},"9":{"start":{"line":22,"column":4},"end":{"line":22,"column":29}},"10":{"start":{"line":25,"column":9},"end":{"line":40,"column":null}},"11":{"start":{"line":26,"column":4},"end":{"line":32,"column":null}},"12":{"start":{"line":27,"column":6},"end":{"line":27,"column":50}},"13":{"start":{"line":28,"column":6},"end":{"line":31,"column":9}},"14":{"start":{"line":33,"column":4},"end":{"line":39,"column":null}},"15":{"start":{"line":34,"column":6},"end":{"line":34,"column":49}},"16":{"start":{"line":35,"column":6},"end":{"line":38,"column":9}},"17":{"start":{"line":42,"column":9},"end":{"line":58,"column":null}},"18":{"start":{"line":43,"column":4},"end":{"line":43,"column":70}},"19":{"start":{"line":44,"column":4},"end":{"line":44,"column":35}},"20":{"start":{"line":45,"column":4},"end":{"line":45,"column":67}},"21":{"start":{"line":46,"column":4},"end":{"line":51,"column":null}},"22":{"start":{"line":47,"column":6},"end":{"line":50,"column":9}},"23":{"start":{"line":52,"column":4},"end":{"line":57,"column":null}},"24":{"start":{"line":53,"column":6},"end":{"line":56,"column":9}},"25":{"start":{"line":60,"column":10},"end":{"line":67,"column":null}},"26":{"start":{"line":61,"column":4},"end":{"line":63,"column":null}},"27":{"start":{"line":62,"column":6},"end":{"line":62,"column":61}},"28":{"start":{"line":64,"column":4},"end":{"line":66,"column":null}},"29":{"start":{"line":65,"column":6},"end":{"line":65,"column":61}},"30":{"start":{"line":69,"column":9},"end":{"line":73,"column":null}},"31":{"start":{"line":70,"column":4},"end":{"line":72,"column":6}},"32":{"start":{"line":74,"column":0},"end":{"line":74,"column":null}},"33":{"start":{"line":77,"column":2},"end":{"line":77,"column":13}}},"fnMap":{"0":{"name":"(anonymous_6)","decl":{"start":{"line":5,"column":0},"end":{"line":5,"column":26}},"loc":{"start":{"line":5,"column":0},"end":{"line":74,"column":null}}},"1":{"name":"ProgressBar","decl":{"start":{"line":10,"column":2},"end":{"line":10,"column":14}},"loc":{"start":{"line":10,"column":52},"end":{"line":19,"column":3}}},"2":{"name":"(anonymous_8)","decl":{"start":{"line":16,"column":15},"end":{"line":16,"column":16}},"loc":{"start":{"line":16,"column":31},"end":{"line":16,"column":40}}},"3":{"name":"(anonymous_9)","decl":{"start":{"line":21,"column":2},"end":{"line":21,"column":9}},"loc":{"start":{"line":21,"column":2},"end":{"line":23,"column":3}}},"4":{"name":"(anonymous_10)","decl":{"start":{"line":25,"column":2},"end":{"line":25,"column":9}},"loc":{"start":{"line":25,"column":65},"end":{"line":40,"column":3}}},"5":{"name":"(anonymous_11)","decl":{"start":{"line":42,"column":2},"end":{"line":42,"column":9}},"loc":{"start":{"line":42,"column":65},"end":{"line":58,"column":3}}},"6":{"name":"(anonymous_12)","decl":{"start":{"line":60,"column":2},"end":{"line":60,"column":10}},"loc":{"start":{"line":60,"column":43},"end":{"line":67,"column":3}}},"7":{"name":"(anonymous_13)","decl":{"start":{"line":69,"column":2},"end":{"line":69,"column":9}},"loc":{"start":{"line":69,"column":2},"end":{"line":73,"column":3}}}},"branchMap":{"0":{"loc":{"start":{"line":11,"column":4},"end":{"line":11,"column":11}},"type":"binary-expr","locations":[{"start":{"line":11,"column":4},"end":{"line":11,"column":11}},{"start":{"line":11,"column":11},"end":{"line":11,"column":null}}]},"1":{"loc":{"start":{"line":26,"column":4},"end":{"line":32,"column":null}},"type":"if","locations":[{"start":{"line":26,"column":4},"end":{"line":32,"column":null}},{"start":{"line":26,"column":4},"end":{"line":32,"column":null}}]},"2":{"loc":{"start":{"line":33,"column":4},"end":{"line":39,"column":null}},"type":"if","locations":[{"start":{"line":33,"column":4},"end":{"line":39,"column":null}},{"start":{"line":33,"column":4},"end":{"line":39,"column":null}}]},"3":{"loc":{"start":{"line":46,"column":4},"end":{"line":51,"column":null}},"type":"if","locations":[{"start":{"line":46,"column":4},"end":{"line":51,"column":null}},{"start":{"line":46,"column":4},"end":{"line":51,"column":null}}]},"4":{"loc":{"start":{"line":52,"column":4},"end":{"line":57,"column":null}},"type":"if","locations":[{"start":{"line":52,"column":4},"end":{"line":57,"column":null}},{"start":{"line":52,"column":4},"end":{"line":57,"column":null}}]},"5":{"loc":{"start":{"line":61,"column":4},"end":{"line":63,"column":null}},"type":"if","locations":[{"start":{"line":61,"column":4},"end":{"line":63,"column":null}},{"start":{"line":61,"column":4},"end":{"line":63,"column":null}}]},"6":{"loc":{"start":{"line":64,"column":4},"end":{"line":66,"column":null}},"type":"if","locations":[{"start":{"line":64,"column":4},"end":{"line":66,"column":null}},{"start":{"line":64,"column":4},"end":{"line":66,"column":null}}]}},"s":{"0":3,"1":3,"2":3,"3":3,"4":8,"5":8,"6":8,"7":2,"8":3,"9":8,"10":3,"11":48,"12":23,"13":23,"14":48,"15":25,"16":25,"17":3,"18":7,"19":7,"20":7,"21":7,"22":3,"23":7,"24":4,"25":3,"26":2,"27":1,"28":2,"29":1,"30":3,"31":2,"32":3,"33":3},"f":{"0":3,"1":8,"2":2,"3":8,"4":48,"5":7,"6":2,"7":2},"b":{"0":[8,8],"1":[23,25],"2":[25,23],"3":[3,4],"4":[4,3],"5":[1,1],"6":[1,1]}}
,"C:\\Users\\Евгений\\Desktop\\jquery-slider-plugin\\src\\components\\runner\\Runner.ts": {"path":"C:\\Users\\Евгений\\Desktop\\jquery-slider-plugin\\src\\components\\runner\\Runner.ts","statementMap":{"0":{"start":{"line":1,"column":0},"end":{"line":1,"column":51}},"1":{"start":{"line":3,"column":0},"end":{"line":3,"column":23}},"2":{"start":{"line":5,"column":0},"end":{"line":5,"column":null}},"3":{"start":{"line":5,"column":21},"end":{"line":5,"column":29}},"4":{"start":{"line":11,"column":4},"end":{"line":11,"column":null}},"5":{"start":{"line":12,"column":4},"end":{"line":12,"column":35}},"6":{"start":{"line":13,"column":4},"end":{"line":13,"column":33}},"7":{"start":{"line":14,"column":4},"end":{"line":19,"column":7}},"8":{"start":{"line":17,"column":25},"end":{"line":17,"column":null}},"9":{"start":{"line":22,"column":9},"end":{"line":24,"column":null}},"10":{"start":{"line":23,"column":4},"end":{"line":23,"column":24}},"11":{"start":{"line":26,"column":9},"end":{"line":33,"column":null}},"12":{"start":{"line":27,"column":4},"end":{"line":29,"column":null}},"13":{"start":{"line":28,"column":6},"end":{"line":28,"column":64}},"14":{"start":{"line":30,"column":4},"end":{"line":32,"column":null}},"15":{"start":{"line":31,"column":6},"end":{"line":31,"column":64}},"16":{"start":{"line":35,"column":9},"end":{"line":39,"column":null}},"17":{"start":{"line":36,"column":4},"end":{"line":36,"column":59}},"18":{"start":{"line":37,"column":4},"end":{"line":37,"column":35}},"19":{"start":{"line":38,"column":4},"end":{"line":38,"column":56}},"20":{"start":{"line":41,"column":10},"end":{"line":44,"column":null}},"21":{"start":{"line":41,"column":2},"end":{"line":41,"column":10}},"22":{"start":{"line":42,"column":4},"end":{"line":42,"column":89}},"23":{"start":{"line":42,"column":56},"end":{"line":42,"column":88}},"24":{"start":{"line":43,"column":4},"end":{"line":43,"column":69}},"25":{"start":{"line":43,"column":39},"end":{"line":43,"column":68}},"26":{"start":{"line":46,"column":10},"end":{"line":53,"column":null}},"27":{"start":{"line":47,"column":4},"end":{"line":49,"column":null}},"28":{"start":{"line":48,"column":6},"end":{"line":48,"column":71}},"29":{"start":{"line":50,"column":4},"end":{"line":52,"column":null}},"30":{"start":{"line":51,"column":6},"end":{"line":51,"column":71}},"31":{"start":{"line":55,"column":10},"end":{"line":57,"column":null}},"32":{"start":{"line":56,"column":4},"end":{"line":56,"column":36}},"33":{"start":{"line":59,"column":9},"end":{"line":63,"column":null}},"34":{"start":{"line":60,"column":4},"end":{"line":62,"column":6}},"35":{"start":{"line":64,"column":0},"end":{"line":64,"column":null}},"36":{"start":{"line":67,"column":2},"end":{"line":67,"column":8}}},"fnMap":{"0":{"name":"(anonymous_6)","decl":{"start":{"line":5,"column":0},"end":{"line":5,"column":21}},"loc":{"start":{"line":5,"column":0},"end":{"line":64,"column":null}}},"1":{"name":"Runner","decl":{"start":{"line":10,"column":2},"end":{"line":10,"column":14}},"loc":{"start":{"line":10,"column":52},"end":{"line":20,"column":3}}},"2":{"name":"(anonymous_8)","decl":{"start":{"line":17,"column":19},"end":{"line":17,"column":25}},"loc":{"start":{"line":17,"column":19},"end":{"line":17,"column":29}}},"3":{"name":"(anonymous_9)","decl":{"start":{"line":22,"column":2},"end":{"line":22,"column":9}},"loc":{"start":{"line":22,"column":2},"end":{"line":24,"column":3}}},"4":{"name":"(anonymous_10)","decl":{"start":{"line":26,"column":2},"end":{"line":26,"column":9}},"loc":{"start":{"line":26,"column":43},"end":{"line":33,"column":3}}},"5":{"name":"(anonymous_11)","decl":{"start":{"line":35,"column":2},"end":{"line":35,"column":9}},"loc":{"start":{"line":35,"column":65},"end":{"line":39,"column":3}}},"6":{"name":"(anonymous_12)","decl":{"start":{"line":41,"column":2},"end":{"line":41,"column":10}},"loc":{"start":{"line":41,"column":2},"end":{"line":44,"column":3}}},"7":{"name":"(anonymous_13)","decl":{"start":{"line":42,"column":35},"end":{"line":42,"column":36}},"loc":{"start":{"line":42,"column":51},"end":{"line":42,"column":60}}},"8":{"name":"(anonymous_14)","decl":{"start":{"line":43,"column":33},"end":{"line":43,"column":39}},"loc":{"start":{"line":43,"column":33},"end":{"line":43,"column":43}}},"9":{"name":"(anonymous_15)","decl":{"start":{"line":46,"column":2},"end":{"line":46,"column":10}},"loc":{"start":{"line":46,"column":49},"end":{"line":53,"column":3}}},"10":{"name":"(anonymous_16)","decl":{"start":{"line":55,"column":2},"end":{"line":55,"column":10}},"loc":{"start":{"line":55,"column":2},"end":{"line":57,"column":3}}},"11":{"name":"(anonymous_17)","decl":{"start":{"line":59,"column":2},"end":{"line":59,"column":9}},"loc":{"start":{"line":59,"column":2},"end":{"line":63,"column":3}}}},"branchMap":{"0":{"loc":{"start":{"line":11,"column":4},"end":{"line":11,"column":11}},"type":"binary-expr","locations":[{"start":{"line":11,"column":4},"end":{"line":11,"column":11}},{"start":{"line":11,"column":11},"end":{"line":11,"column":null}}]},"1":{"loc":{"start":{"line":27,"column":4},"end":{"line":29,"column":null}},"type":"if","locations":[{"start":{"line":27,"column":4},"end":{"line":29,"column":null}},{"start":{"line":27,"column":4},"end":{"line":29,"column":null}}]},"2":{"loc":{"start":{"line":30,"column":4},"end":{"line":32,"column":null}},"type":"if","locations":[{"start":{"line":30,"column":4},"end":{"line":32,"column":null}},{"start":{"line":30,"column":4},"end":{"line":32,"column":null}}]},"3":{"loc":{"start":{"line":47,"column":4},"end":{"line":49,"column":null}},"type":"if","locations":[{"start":{"line":47,"column":4},"end":{"line":49,"column":null}},{"start":{"line":47,"column":4},"end":{"line":49,"column":null}}]},"4":{"loc":{"start":{"line":50,"column":4},"end":{"line":52,"column":null}},"type":"if","locations":[{"start":{"line":50,"column":4},"end":{"line":52,"column":null}},{"start":{"line":50,"column":4},"end":{"line":52,"column":null}}]}},"s":{"0":3,"1":3,"2":3,"3":3,"4":21,"5":21,"6":21,"7":21,"8":2,"9":3,"10":21,"11":3,"12":48,"13":23,"14":48,"15":25,"16":3,"17":10,"18":10,"19":10,"20":3,"21":2,"22":2,"23":2,"24":2,"25":3,"26":3,"27":2,"28":1,"29":2,"30":1,"31":3,"32":3,"33":3,"34":2,"35":3,"36":3},"f":{"0":3,"1":21,"2":2,"3":21,"4":48,"5":10,"6":2,"7":2,"8":3,"9":2,"10":3,"11":2},"b":{"0":[21,21],"1":[23,25],"2":[25,23],"3":[1,1],"4":[1,1]}}
,"C:\\Users\\Евгений\\Desktop\\jquery-slider-plugin\\src\\components\\scale\\Scale.ts": {"path":"C:\\Users\\Евгений\\Desktop\\jquery-slider-plugin\\src\\components\\scale\\Scale.ts","statementMap":{"0":{"start":{"line":1,"column":0},"end":{"line":1,"column":51}},"1":{"start":{"line":3,"column":0},"end":{"line":3,"column":22}},"2":{"start":{"line":5,"column":0},"end":{"line":5,"column":null}},"3":{"start":{"line":5,"column":20},"end":{"line":5,"column":28}},"4":{"start":{"line":10,"column":4},"end":{"line":10,"column":null}},"5":{"start":{"line":11,"column":4},"end":{"line":11,"column":35}},"6":{"start":{"line":12,"column":4},"end":{"line":17,"column":7}},"7":{"start":{"line":15,"column":36},"end":{"line":15,"column":null}},"8":{"start":{"line":20,"column":9},"end":{"line":22,"column":null}},"9":{"start":{"line":21,"column":4},"end":{"line":21,"column":23}},"10":{"start":{"line":24,"column":9},"end":{"line":28,"column":null}},"11":{"start":{"line":25,"column":4},"end":{"line":25,"column":57}},"12":{"start":{"line":26,"column":4},"end":{"line":26,"column":35}},"13":{"start":{"line":27,"column":4},"end":{"line":27,"column":54}},"14":{"start":{"line":30,"column":10},"end":{"line":37,"column":null}},"15":{"start":{"line":31,"column":4},"end":{"line":33,"column":null}},"16":{"start":{"line":32,"column":6},"end":{"line":32,"column":61}},"17":{"start":{"line":34,"column":4},"end":{"line":36,"column":null}},"18":{"start":{"line":35,"column":6},"end":{"line":35,"column":61}},"19":{"start":{"line":39,"column":9},"end":{"line":43,"column":null}},"20":{"start":{"line":40,"column":4},"end":{"line":42,"column":6}},"21":{"start":{"line":44,"column":0},"end":{"line":44,"column":null}},"22":{"start":{"line":47,"column":2},"end":{"line":47,"column":7}}},"fnMap":{"0":{"name":"(anonymous_6)","decl":{"start":{"line":5,"column":0},"end":{"line":5,"column":20}},"loc":{"start":{"line":5,"column":0},"end":{"line":44,"column":null}}},"1":{"name":"Scale","decl":{"start":{"line":9,"column":2},"end":{"line":9,"column":14}},"loc":{"start":{"line":9,"column":52},"end":{"line":18,"column":3}}},"2":{"name":"(anonymous_8)","decl":{"start":{"line":15,"column":15},"end":{"line":15,"column":16}},"loc":{"start":{"line":15,"column":31},"end":{"line":15,"column":40}}},"3":{"name":"(anonymous_9)","decl":{"start":{"line":20,"column":2},"end":{"line":20,"column":9}},"loc":{"start":{"line":20,"column":2},"end":{"line":22,"column":3}}},"4":{"name":"(anonymous_10)","decl":{"start":{"line":24,"column":2},"end":{"line":24,"column":9}},"loc":{"start":{"line":24,"column":65},"end":{"line":28,"column":3}}},"5":{"name":"(anonymous_11)","decl":{"start":{"line":30,"column":2},"end":{"line":30,"column":10}},"loc":{"start":{"line":30,"column":42},"end":{"line":37,"column":3}}},"6":{"name":"(anonymous_12)","decl":{"start":{"line":39,"column":2},"end":{"line":39,"column":9}},"loc":{"start":{"line":39,"column":2},"end":{"line":43,"column":3}}}},"branchMap":{"0":{"loc":{"start":{"line":10,"column":4},"end":{"line":10,"column":11}},"type":"binary-expr","locations":[{"start":{"line":10,"column":4},"end":{"line":10,"column":11}},{"start":{"line":10,"column":11},"end":{"line":10,"column":null}}]},"1":{"loc":{"start":{"line":31,"column":4},"end":{"line":33,"column":null}},"type":"if","locations":[{"start":{"line":31,"column":4},"end":{"line":33,"column":null}},{"start":{"line":31,"column":4},"end":{"line":33,"column":null}}]},"2":{"loc":{"start":{"line":34,"column":4},"end":{"line":36,"column":null}},"type":"if","locations":[{"start":{"line":34,"column":4},"end":{"line":36,"column":null}},{"start":{"line":34,"column":4},"end":{"line":36,"column":null}}]}},"s":{"0":3,"1":3,"2":3,"3":3,"4":7,"5":7,"6":7,"7":2,"8":3,"9":7,"10":3,"11":6,"12":6,"13":6,"14":3,"15":2,"16":1,"17":2,"18":1,"19":3,"20":2,"21":3,"22":3},"f":{"0":3,"1":7,"2":2,"3":7,"4":6,"5":2,"6":2},"b":{"0":[7,7],"1":[1,1],"2":[1,1]}}
,"C:\\Users\\Евгений\\Desktop\\jquery-slider-plugin\\src\\components\\scale-values\\ScaleValues.ts": {"path":"C:\\Users\\Евгений\\Desktop\\jquery-slider-plugin\\src\\components\\scale-values\\ScaleValues.ts","statementMap":{"0":{"start":{"line":1,"column":0},"end":{"line":1,"column":51}},"1":{"start":{"line":3,"column":0},"end":{"line":3,"column":29}},"2":{"start":{"line":5,"column":0},"end":{"line":5,"column":null}},"3":{"start":{"line":5,"column":26},"end":{"line":5,"column":34}},"4":{"start":{"line":14,"column":4},"end":{"line":14,"column":null}},"5":{"start":{"line":15,"column":4},"end":{"line":15,"column":35}},"6":{"start":{"line":16,"column":4},"end":{"line":16,"column":29}},"7":{"start":{"line":17,"column":4},"end":{"line":17,"column":29}},"8":{"start":{"line":18,"column":4},"end":{"line":18,"column":21}},"9":{"start":{"line":19,"column":4},"end":{"line":24,"column":7}},"10":{"start":{"line":22,"column":36},"end":{"line":22,"column":null}},"11":{"start":{"line":26,"column":4},"end":{"line":28,"column":null}},"12":{"start":{"line":27,"column":6},"end":{"line":27,"column":24}},"13":{"start":{"line":29,"column":4},"end":{"line":31,"column":null}},"14":{"start":{"line":30,"column":6},"end":{"line":30,"column":24}},"15":{"start":{"line":33,"column":4},"end":{"line":38,"column":null}},"16":{"start":{"line":34,"column":18},"end":{"line":34,"column":31}},"17":{"start":{"line":37,"column":6},"end":{"line":37,"column":68}},"18":{"start":{"line":41,"column":9},"end":{"line":43,"column":null}},"19":{"start":{"line":42,"column":4},"end":{"line":42,"column":29}},"20":{"start":{"line":45,"column":9},"end":{"line":58,"column":null}},"21":{"start":{"line":46,"column":4},"end":{"line":51,"column":null}},"22":{"start":{"line":47,"column":6},"end":{"line":50,"column":9}},"23":{"start":{"line":52,"column":4},"end":{"line":57,"column":null}},"24":{"start":{"line":53,"column":6},"end":{"line":56,"column":9}},"25":{"start":{"line":60,"column":9},"end":{"line":74,"column":null}},"26":{"start":{"line":61,"column":4},"end":{"line":61,"column":70}},"27":{"start":{"line":62,"column":4},"end":{"line":62,"column":35}},"28":{"start":{"line":63,"column":4},"end":{"line":63,"column":67}},"29":{"start":{"line":64,"column":4},"end":{"line":68,"column":null}},"30":{"start":{"line":65,"column":6},"end":{"line":65,"column":48}},"31":{"start":{"line":66,"column":6},"end":{"line":66,"column":24}},"32":{"start":{"line":67,"column":6},"end":{"line":67,"column":72}},"33":{"start":{"line":69,"column":4},"end":{"line":73,"column":null}},"34":{"start":{"line":70,"column":6},"end":{"line":70,"column":47}},"35":{"start":{"line":71,"column":6},"end":{"line":71,"column":24}},"36":{"start":{"line":72,"column":6},"end":{"line":72,"column":72}},"37":{"start":{"line":76,"column":9},"end":{"line":86,"column":null}},"38":{"start":{"line":77,"column":4},"end":{"line":77,"column":41}},"39":{"start":{"line":78,"column":4},"end":{"line":78,"column":29}},"40":{"start":{"line":79,"column":4},"end":{"line":79,"column":29}},"41":{"start":{"line":80,"column":4},"end":{"line":85,"column":null}},"42":{"start":{"line":81,"column":18},"end":{"line":81,"column":31}},"43":{"start":{"line":84,"column":6},"end":{"line":84,"column":68}},"44":{"start":{"line":88,"column":9},"end":{"line":97,"column":null}},"45":{"start":{"line":89,"column":4},"end":{"line":89,"column":21}},"46":{"start":{"line":90,"column":4},"end":{"line":90,"column":41}},"47":{"start":{"line":91,"column":4},"end":{"line":96,"column":null}},"48":{"start":{"line":92,"column":18},"end":{"line":92,"column":31}},"49":{"start":{"line":95,"column":6},"end":{"line":95,"column":68}},"50":{"start":{"line":99,"column":10},"end":{"line":110,"column":null}},"51":{"start":{"line":100,"column":4},"end":{"line":109,"column":11}},"52":{"start":{"line":112,"column":10},"end":{"line":119,"column":null}},"53":{"start":{"line":113,"column":4},"end":{"line":115,"column":null}},"54":{"start":{"line":114,"column":6},"end":{"line":114,"column":61}},"55":{"start":{"line":116,"column":4},"end":{"line":118,"column":null}},"56":{"start":{"line":117,"column":6},"end":{"line":117,"column":61}},"57":{"start":{"line":121,"column":9},"end":{"line":129,"column":null}},"58":{"start":{"line":122,"column":4},"end":{"line":128,"column":6}},"59":{"start":{"line":130,"column":0},"end":{"line":130,"column":null}},"60":{"start":{"line":133,"column":2},"end":{"line":133,"column":13}}},"fnMap":{"0":{"name":"(anonymous_6)","decl":{"start":{"line":5,"column":0},"end":{"line":5,"column":26}},"loc":{"start":{"line":5,"column":0},"end":{"line":130,"column":null}}},"1":{"name":"ScaleValues","decl":{"start":{"line":13,"column":2},"end":{"line":13,"column":14}},"loc":{"start":{"line":13,"column":102},"end":{"line":39,"column":3}}},"2":{"name":"(anonymous_8)","decl":{"start":{"line":22,"column":15},"end":{"line":22,"column":16}},"loc":{"start":{"line":22,"column":31},"end":{"line":22,"column":40}}},"3":{"name":"(anonymous_9)","decl":{"start":{"line":41,"column":2},"end":{"line":41,"column":9}},"loc":{"start":{"line":41,"column":2},"end":{"line":43,"column":3}}},"4":{"name":"(anonymous_10)","decl":{"start":{"line":45,"column":2},"end":{"line":45,"column":9}},"loc":{"start":{"line":45,"column":52},"end":{"line":58,"column":3}}},"5":{"name":"(anonymous_11)","decl":{"start":{"line":60,"column":2},"end":{"line":60,"column":9}},"loc":{"start":{"line":60,"column":65},"end":{"line":74,"column":3}}},"6":{"name":"(anonymous_12)","decl":{"start":{"line":76,"column":2},"end":{"line":76,"column":9}},"loc":{"start":{"line":76,"column":62},"end":{"line":86,"column":3}}},"7":{"name":"(anonymous_13)","decl":{"start":{"line":88,"column":2},"end":{"line":88,"column":9}},"loc":{"start":{"line":88,"column":32},"end":{"line":97,"column":3}}},"8":{"name":"(anonymous_14)","decl":{"start":{"line":99,"column":2},"end":{"line":99,"column":10}},"loc":{"start":{"line":99,"column":37},"end":{"line":110,"column":3}}},"9":{"name":"(anonymous_15)","decl":{"start":{"line":112,"column":2},"end":{"line":112,"column":10}},"loc":{"start":{"line":112,"column":43},"end":{"line":119,"column":3}}},"10":{"name":"(anonymous_16)","decl":{"start":{"line":121,"column":2},"end":{"line":121,"column":9}},"loc":{"start":{"line":121,"column":2},"end":{"line":129,"column":3}}}},"branchMap":{"0":{"loc":{"start":{"line":14,"column":4},"end":{"line":14,"column":11}},"type":"binary-expr","locations":[{"start":{"line":14,"column":4},"end":{"line":14,"column":11}},{"start":{"line":14,"column":11},"end":{"line":14,"column":null}}]},"1":{"loc":{"start":{"line":26,"column":4},"end":{"line":28,"column":null}},"type":"if","locations":[{"start":{"line":26,"column":4},"end":{"line":28,"column":null}},{"start":{"line":26,"column":4},"end":{"line":28,"column":null}}]},"2":{"loc":{"start":{"line":29,"column":4},"end":{"line":31,"column":null}},"type":"if","locations":[{"start":{"line":29,"column":4},"end":{"line":31,"column":null}},{"start":{"line":29,"column":4},"end":{"line":31,"column":null}}]},"3":{"loc":{"start":{"line":46,"column":4},"end":{"line":51,"column":null}},"type":"if","locations":[{"start":{"line":46,"column":4},"end":{"line":51,"column":null}},{"start":{"line":46,"column":4},"end":{"line":51,"column":null}}]},"4":{"loc":{"start":{"line":52,"column":4},"end":{"line":57,"column":null}},"type":"if","locations":[{"start":{"line":52,"column":4},"end":{"line":57,"column":null}},{"start":{"line":52,"column":4},"end":{"line":57,"column":null}}]},"5":{"loc":{"start":{"line":64,"column":4},"end":{"line":68,"column":null}},"type":"if","locations":[{"start":{"line":64,"column":4},"end":{"line":68,"column":null}},{"start":{"line":64,"column":4},"end":{"line":68,"column":null}}]},"6":{"loc":{"start":{"line":69,"column":4},"end":{"line":73,"column":null}},"type":"if","locations":[{"start":{"line":69,"column":4},"end":{"line":73,"column":null}},{"start":{"line":69,"column":4},"end":{"line":73,"column":null}}]},"7":{"loc":{"start":{"line":113,"column":4},"end":{"line":115,"column":null}},"type":"if","locations":[{"start":{"line":113,"column":4},"end":{"line":115,"column":null}},{"start":{"line":113,"column":4},"end":{"line":115,"column":null}}]},"8":{"loc":{"start":{"line":116,"column":4},"end":{"line":118,"column":null}},"type":"if","locations":[{"start":{"line":116,"column":4},"end":{"line":118,"column":null}},{"start":{"line":116,"column":4},"end":{"line":118,"column":null}}]}},"s":{"0":3,"1":3,"2":3,"3":3,"4":14,"5":14,"6":14,"7":14,"8":14,"9":14,"10":2,"11":14,"12":9,"13":14,"14":5,"15":14,"16":14,"17":154,"18":3,"19":14,"20":3,"21":11,"22":6,"23":11,"24":5,"25":3,"26":6,"27":6,"28":6,"29":6,"30":3,"31":3,"32":3,"33":6,"34":3,"35":3,"36":3,"37":3,"38":7,"39":7,"40":7,"41":7,"42":7,"43":77,"44":3,"45":4,"46":4,"47":4,"48":4,"49":44,"50":3,"51":275,"52":3,"53":2,"54":1,"55":2,"56":1,"57":3,"58":7,"59":3,"60":3},"f":{"0":3,"1":14,"2":2,"3":14,"4":11,"5":6,"6":7,"7":4,"8":275,"9":2,"10":7},"b":{"0":[14,14],"1":[9,5],"2":[5,9],"3":[6,5],"4":[5,6],"5":[3,3],"6":[3,3],"7":[1,1],"8":[1,1]}}
,"C:\\Users\\Евгений\\Desktop\\jquery-slider-plugin\\src\\components\\slider\\Slider.ts": {"path":"C:\\Users\\Евгений\\Desktop\\jquery-slider-plugin\\src\\components\\slider\\Slider.ts","statementMap":{"0":{"start":{"line":1,"column":0},"end":{"line":1,"column":23}},"1":{"start":{"line":3,"column":0},"end":{"line":3,"column":null}},"2":{"start":{"line":7,"column":4},"end":{"line":9,"column":7}},"3":{"start":{"line":12,"column":9},"end":{"line":14,"column":null}},"4":{"start":{"line":13,"column":4},"end":{"line":13,"column":24}},"5":{"start":{"line":15,"column":0},"end":{"line":15,"column":null}},"6":{"start":{"line":18,"column":2},"end":{"line":18,"column":8}}},"fnMap":{"0":{"name":"(anonymous_0)","decl":{"start":{"line":3,"column":0},"end":{"line":3,"column":null}},"loc":{"start":{"line":3,"column":0},"end":{"line":15,"column":null}}},"1":{"name":"Slider","decl":{"start":{"line":6,"column":2},"end":{"line":6,"column":14}},"loc":{"start":{"line":6,"column":52},"end":{"line":10,"column":3}}},"2":{"name":"(anonymous_2)","decl":{"start":{"line":12,"column":2},"end":{"line":12,"column":9}},"loc":{"start":{"line":12,"column":2},"end":{"line":14,"column":3}}}},"branchMap":{},"s":{"0":3,"1":3,"2":4,"3":3,"4":4,"5":3,"6":3},"f":{"0":3,"1":4,"2":4},"b":{}}
,"C:\\Users\\Евгений\\Desktop\\jquery-slider-plugin\\src\\components\\value-window\\ValueWindow.ts": {"path":"C:\\Users\\Евгений\\Desktop\\jquery-slider-plugin\\src\\components\\value-window\\ValueWindow.ts","statementMap":{"0":{"start":{"line":1,"column":0},"end":{"line":1,"column":29}},"1":{"start":{"line":3,"column":0},"end":{"line":3,"column":null}},"2":{"start":{"line":8,"column":4},"end":{"line":8,"column":35}},"3":{"start":{"line":9,"column":4},"end":{"line":11,"column":7}},"4":{"start":{"line":14,"column":9},"end":{"line":16,"column":null}},"5":{"start":{"line":15,"column":4},"end":{"line":15,"column":29}},"6":{"start":{"line":18,"column":9},"end":{"line":31,"column":null}},"7":{"start":{"line":19,"column":4},"end":{"line":19,"column":41}},"8":{"start":{"line":20,"column":4},"end":{"line":24,"column":null}},"9":{"start":{"line":21,"column":6},"end":{"line":23,"column":9}},"10":{"start":{"line":25,"column":4},"end":{"line":30,"column":null}},"11":{"start":{"line":26,"column":6},"end":{"line":29,"column":9}},"12":{"start":{"line":33,"column":9},"end":{"line":37,"column":null}},"13":{"start":{"line":34,"column":4},"end":{"line":34,"column":70}},"14":{"start":{"line":35,"column":4},"end":{"line":35,"column":35}},"15":{"start":{"line":36,"column":4},"end":{"line":36,"column":67}},"16":{"start":{"line":39,"column":9},"end":{"line":43,"column":null}},"17":{"start":{"line":40,"column":4},"end":{"line":42,"column":6}},"18":{"start":{"line":44,"column":0},"end":{"line":44,"column":null}},"19":{"start":{"line":47,"column":2},"end":{"line":47,"column":13}}},"fnMap":{"0":{"name":"(anonymous_0)","decl":{"start":{"line":3,"column":0},"end":{"line":3,"column":null}},"loc":{"start":{"line":3,"column":0},"end":{"line":44,"column":null}}},"1":{"name":"ValueWindow","decl":{"start":{"line":7,"column":2},"end":{"line":7,"column":14}},"loc":{"start":{"line":7,"column":52},"end":{"line":12,"column":3}}},"2":{"name":"(anonymous_2)","decl":{"start":{"line":14,"column":2},"end":{"line":14,"column":9}},"loc":{"start":{"line":14,"column":2},"end":{"line":16,"column":3}}},"3":{"name":"(anonymous_3)","decl":{"start":{"line":18,"column":2},"end":{"line":18,"column":9}},"loc":{"start":{"line":18,"column":68},"end":{"line":31,"column":3}}},"4":{"name":"(anonymous_4)","decl":{"start":{"line":33,"column":2},"end":{"line":33,"column":9}},"loc":{"start":{"line":33,"column":65},"end":{"line":37,"column":3}}},"5":{"name":"(anonymous_5)","decl":{"start":{"line":39,"column":2},"end":{"line":39,"column":9}},"loc":{"start":{"line":39,"column":2},"end":{"line":43,"column":3}}}},"branchMap":{"0":{"loc":{"start":{"line":20,"column":4},"end":{"line":24,"column":null}},"type":"if","locations":[{"start":{"line":20,"column":4},"end":{"line":24,"column":null}},{"start":{"line":20,"column":4},"end":{"line":24,"column":null}}]},"1":{"loc":{"start":{"line":25,"column":4},"end":{"line":30,"column":null}},"type":"if","locations":[{"start":{"line":25,"column":4},"end":{"line":30,"column":null}},{"start":{"line":25,"column":4},"end":{"line":30,"column":null}}]}},"s":{"0":3,"1":3,"2":21,"3":21,"4":3,"5":21,"6":3,"7":37,"8":37,"9":18,"10":37,"11":19,"12":3,"13":8,"14":8,"15":8,"16":3,"17":2,"18":3,"19":3},"f":{"0":3,"1":21,"2":21,"3":37,"4":8,"5":2},"b":{"0":[18,19],"1":[19,18]}}
,"C:\\Users\\Евгений\\Desktop\\jquery-slider-plugin\\src\\mvp\\Model.ts": {"path":"C:\\Users\\Евгений\\Desktop\\jquery-slider-plugin\\src\\mvp\\Model.ts","statementMap":{"0":{"start":{"line":1,"column":0},"end":{"line":1,"column":48}},"1":{"start":{"line":5,"column":0},"end":{"line":5,"column":null}},"2":{"start":{"line":5,"column":20},"end":{"line":5,"column":28}},"3":{"start":{"line":15,"column":15},"end":{"line":15,"column":null}},"4":{"start":{"line":16,"column":12},"end":{"line":16,"column":null}},"5":{"start":{"line":17,"column":12},"end":{"line":17,"column":null}},"6":{"start":{"line":18,"column":16},"end":{"line":18,"column":null}},"7":{"start":{"line":19,"column":8},"end":{"line":19,"column":null}},"8":{"start":{"line":20,"column":21},"end":{"line":20,"column":null}},"9":{"start":{"line":21,"column":21},"end":{"line":21,"column":null}},"10":{"start":{"line":23,"column":4},"end":{"line":23,"column":null}},"11":{"start":{"line":24,"column":4},"end":{"line":24,"column":35}},"12":{"start":{"line":25,"column":4},"end":{"line":25,"column":29}},"13":{"start":{"line":26,"column":4},"end":{"line":26,"column":29}},"14":{"start":{"line":27,"column":4},"end":{"line":27,"column":37}},"15":{"start":{"line":28,"column":4},"end":{"line":28,"column":21}},"16":{"start":{"line":29,"column":4},"end":{"line":29,"column":47}},"17":{"start":{"line":30,"column":4},"end":{"line":30,"column":47}},"18":{"start":{"line":33,"column":9},"end":{"line":43,"column":null}},"19":{"start":{"line":34,"column":32},"end":{"line":35,"column":38}},"20":{"start":{"line":36,"column":4},"end":{"line":42,"column":null}},"21":{"start":{"line":37,"column":6},"end":{"line":37,"column":78}},"22":{"start":{"line":38,"column":6},"end":{"line":38,"column":82}},"23":{"start":{"line":39,"column":6},"end":{"line":41,"column":null}},"24":{"start":{"line":40,"column":8},"end":{"line":40,"column":39}},"25":{"start":{"line":45,"column":9},"end":{"line":62,"column":null}},"26":{"start":{"line":46,"column":4},"end":{"line":53,"column":null}},"27":{"start":{"line":47,"column":37},"end":{"line":48,"column":43}},"28":{"start":{"line":49,"column":6},"end":{"line":52,"column":null}},"29":{"start":{"line":50,"column":8},"end":{"line":50,"column":83}},"30":{"start":{"line":51,"column":8},"end":{"line":51,"column":87}},"31":{"start":{"line":54,"column":4},"end":{"line":61,"column":null}},"32":{"start":{"line":55,"column":37},"end":{"line":56,"column":50}},"33":{"start":{"line":57,"column":6},"end":{"line":60,"column":null}},"34":{"start":{"line":58,"column":8},"end":{"line":58,"column":83}},"35":{"start":{"line":59,"column":8},"end":{"line":59,"column":87}},"36":{"start":{"line":64,"column":9},"end":{"line":71,"column":null}},"37":{"start":{"line":65,"column":35},"end":{"line":66,"column":39}},"38":{"start":{"line":67,"column":4},"end":{"line":70,"column":null}},"39":{"start":{"line":68,"column":6},"end":{"line":68,"column":81}},"40":{"start":{"line":69,"column":6},"end":{"line":69,"column":85}},"41":{"start":{"line":73,"column":9},"end":{"line":75,"column":null}},"42":{"start":{"line":74,"column":4},"end":{"line":74,"column":29}},"43":{"start":{"line":77,"column":9},"end":{"line":80,"column":null}},"44":{"start":{"line":78,"column":4},"end":{"line":78,"column":35}},"45":{"start":{"line":79,"column":4},"end":{"line":79,"column":75}},"46":{"start":{"line":82,"column":9},"end":{"line":87,"column":null}},"47":{"start":{"line":83,"column":4},"end":{"line":86,"column":null}},"48":{"start":{"line":84,"column":6},"end":{"line":84,"column":31}},"49":{"start":{"line":85,"column":6},"end":{"line":85,"column":71}},"50":{"start":{"line":89,"column":9},"end":{"line":91,"column":null}},"51":{"start":{"line":90,"column":4},"end":{"line":90,"column":25}},"52":{"start":{"line":93,"column":9},"end":{"line":106,"column":null}},"53":{"start":{"line":94,"column":4},"end":{"line":99,"column":null}},"54":{"start":{"line":95,"column":6},"end":{"line":98,"column":null}},"55":{"start":{"line":96,"column":8},"end":{"line":96,"column":33}},"56":{"start":{"line":97,"column":8},"end":{"line":97,"column":73}},"57":{"start":{"line":100,"column":4},"end":{"line":105,"column":null}},"58":{"start":{"line":101,"column":6},"end":{"line":104,"column":null}},"59":{"start":{"line":102,"column":8},"end":{"line":102,"column":33}},"60":{"start":{"line":103,"column":8},"end":{"line":103,"column":73}},"61":{"start":{"line":108,"column":9},"end":{"line":110,"column":null}},"62":{"start":{"line":109,"column":4},"end":{"line":109,"column":25}},"63":{"start":{"line":112,"column":9},"end":{"line":117,"column":null}},"64":{"start":{"line":113,"column":4},"end":{"line":116,"column":null}},"65":{"start":{"line":114,"column":6},"end":{"line":114,"column":23}},"66":{"start":{"line":115,"column":6},"end":{"line":115,"column":63}},"67":{"start":{"line":119,"column":9},"end":{"line":121,"column":null}},"68":{"start":{"line":120,"column":4},"end":{"line":120,"column":21}},"69":{"start":{"line":123,"column":9},"end":{"line":126,"column":null}},"70":{"start":{"line":124,"column":4},"end":{"line":124,"column":47}},"71":{"start":{"line":125,"column":4},"end":{"line":125,"column":87}},"72":{"start":{"line":128,"column":9},"end":{"line":131,"column":null}},"73":{"start":{"line":129,"column":4},"end":{"line":129,"column":47}},"74":{"start":{"line":130,"column":4},"end":{"line":130,"column":87}},"75":{"start":{"line":133,"column":9},"end":{"line":143,"column":null}},"76":{"start":{"line":134,"column":4},"end":{"line":142,"column":6}},"77":{"start":{"line":144,"column":0},"end":{"line":144,"column":null}},"78":{"start":{"line":147,"column":2},"end":{"line":147,"column":7}}},"fnMap":{"0":{"name":"(anonymous_6)","decl":{"start":{"line":5,"column":0},"end":{"line":5,"column":20}},"loc":{"start":{"line":5,"column":0},"end":{"line":144,"column":null}}},"1":{"name":"Model","decl":{"start":{"line":14,"column":2},"end":{"line":14,"column":14}},"loc":{"start":{"line":22,"column":18},"end":{"line":31,"column":3}}},"2":{"name":"(anonymous_8)","decl":{"start":{"line":33,"column":2},"end":{"line":33,"column":9}},"loc":{"start":{"line":33,"column":45},"end":{"line":43,"column":3}}},"3":{"name":"(anonymous_9)","decl":{"start":{"line":45,"column":2},"end":{"line":45,"column":9}},"loc":{"start":{"line":45,"column":51},"end":{"line":62,"column":3}}},"4":{"name":"(anonymous_10)","decl":{"start":{"line":64,"column":2},"end":{"line":64,"column":9}},"loc":{"start":{"line":64,"column":51},"end":{"line":71,"column":3}}},"5":{"name":"(anonymous_11)","decl":{"start":{"line":73,"column":2},"end":{"line":73,"column":9}},"loc":{"start":{"line":73,"column":2},"end":{"line":75,"column":3}}},"6":{"name":"(anonymous_12)","decl":{"start":{"line":77,"column":2},"end":{"line":77,"column":9}},"loc":{"start":{"line":77,"column":62},"end":{"line":80,"column":3}}},"7":{"name":"(anonymous_13)","decl":{"start":{"line":82,"column":2},"end":{"line":82,"column":9}},"loc":{"start":{"line":82,"column":37},"end":{"line":87,"column":3}}},"8":{"name":"(anonymous_14)","decl":{"start":{"line":89,"column":2},"end":{"line":89,"column":9}},"loc":{"start":{"line":89,"column":2},"end":{"line":91,"column":3}}},"9":{"name":"(anonymous_15)","decl":{"start":{"line":93,"column":2},"end":{"line":93,"column":9}},"loc":{"start":{"line":93,"column":37},"end":{"line":106,"column":3}}},"10":{"name":"(anonymous_16)","decl":{"start":{"line":108,"column":2},"end":{"line":108,"column":9}},"loc":{"start":{"line":108,"column":2},"end":{"line":110,"column":3}}},"11":{"name":"(anonymous_17)","decl":{"start":{"line":112,"column":2},"end":{"line":112,"column":9}},"loc":{"start":{"line":112,"column":29},"end":{"line":117,"column":3}}},"12":{"name":"(anonymous_18)","decl":{"start":{"line":119,"column":2},"end":{"line":119,"column":9}},"loc":{"start":{"line":119,"column":2},"end":{"line":121,"column":3}}},"13":{"name":"(anonymous_19)","decl":{"start":{"line":123,"column":2},"end":{"line":123,"column":9}},"loc":{"start":{"line":123,"column":56},"end":{"line":126,"column":3}}},"14":{"name":"(anonymous_20)","decl":{"start":{"line":128,"column":2},"end":{"line":128,"column":9}},"loc":{"start":{"line":128,"column":56},"end":{"line":131,"column":3}}},"15":{"name":"(anonymous_21)","decl":{"start":{"line":133,"column":2},"end":{"line":133,"column":9}},"loc":{"start":{"line":133,"column":2},"end":{"line":143,"column":3}}}},"branchMap":{"0":{"loc":{"start":{"line":23,"column":4},"end":{"line":23,"column":11}},"type":"binary-expr","locations":[{"start":{"line":23,"column":4},"end":{"line":23,"column":11}},{"start":{"line":23,"column":11},"end":{"line":23,"column":null}}]},"1":{"loc":{"start":{"line":34,"column":32},"end":{"line":34,"column":61}},"type":"binary-expr","locations":[{"start":{"line":34,"column":32},"end":{"line":34,"column":61}},{"start":{"line":35,"column":9},"end":{"line":35,"column":38}}]},"2":{"loc":{"start":{"line":36,"column":4},"end":{"line":42,"column":null}},"type":"if","locations":[{"start":{"line":36,"column":4},"end":{"line":42,"column":null}},{"start":{"line":36,"column":4},"end":{"line":42,"column":null}}]},"3":{"loc":{"start":{"line":39,"column":6},"end":{"line":41,"column":null}},"type":"if","locations":[{"start":{"line":39,"column":6},"end":{"line":41,"column":null}},{"start":{"line":39,"column":6},"end":{"line":41,"column":null}}]},"4":{"loc":{"start":{"line":46,"column":4},"end":{"line":53,"column":null}},"type":"if","locations":[{"start":{"line":46,"column":4},"end":{"line":53,"column":null}},{"start":{"line":46,"column":4},"end":{"line":53,"column":null}}]},"5":{"loc":{"start":{"line":47,"column":37},"end":{"line":47,"column":69}},"type":"binary-expr","locations":[{"start":{"line":47,"column":37},"end":{"line":47,"column":69}},{"start":{"line":48,"column":11},"end":{"line":48,"column":43}}]},"6":{"loc":{"start":{"line":49,"column":6},"end":{"line":52,"column":null}},"type":"if","locations":[{"start":{"line":49,"column":6},"end":{"line":52,"column":null}},{"start":{"line":49,"column":6},"end":{"line":52,"column":null}}]},"7":{"loc":{"start":{"line":54,"column":4},"end":{"line":61,"column":null}},"type":"if","locations":[{"start":{"line":54,"column":4},"end":{"line":61,"column":null}},{"start":{"line":54,"column":4},"end":{"line":61,"column":null}}]},"8":{"loc":{"start":{"line":55,"column":37},"end":{"line":55,"column":69}},"type":"binary-expr","locations":[{"start":{"line":55,"column":37},"end":{"line":55,"column":69}},{"start":{"line":56,"column":11},"end":{"line":56,"column":50}}]},"9":{"loc":{"start":{"line":57,"column":6},"end":{"line":60,"column":null}},"type":"if","locations":[{"start":{"line":57,"column":6},"end":{"line":60,"column":null}},{"start":{"line":57,"column":6},"end":{"line":60,"column":null}}]},"10":{"loc":{"start":{"line":65,"column":35},"end":{"line":65,"column":73}},"type":"binary-expr","locations":[{"start":{"line":65,"column":35},"end":{"line":65,"column":73}},{"start":{"line":66,"column":7},"end":{"line":66,"column":39}}]},"11":{"loc":{"start":{"line":67,"column":4},"end":{"line":70,"column":null}},"type":"if","locations":[{"start":{"line":67,"column":4},"end":{"line":70,"column":null}},{"start":{"line":67,"column":4},"end":{"line":70,"column":null}}]},"12":{"loc":{"start":{"line":83,"column":4},"end":{"line":86,"column":null}},"type":"if","locations":[{"start":{"line":83,"column":4},"end":{"line":86,"column":null}},{"start":{"line":83,"column":4},"end":{"line":86,"column":null}}]},"13":{"loc":{"start":{"line":94,"column":4},"end":{"line":99,"column":null}},"type":"if","locations":[{"start":{"line":94,"column":4},"end":{"line":99,"column":null}},{"start":{"line":94,"column":4},"end":{"line":99,"column":null}}]},"14":{"loc":{"start":{"line":95,"column":6},"end":{"line":98,"column":null}},"type":"if","locations":[{"start":{"line":95,"column":6},"end":{"line":98,"column":null}},{"start":{"line":95,"column":6},"end":{"line":98,"column":null}}]},"15":{"loc":{"start":{"line":100,"column":4},"end":{"line":105,"column":null}},"type":"if","locations":[{"start":{"line":100,"column":4},"end":{"line":105,"column":null}},{"start":{"line":100,"column":4},"end":{"line":105,"column":null}}]},"16":{"loc":{"start":{"line":101,"column":6},"end":{"line":104,"column":null}},"type":"if","locations":[{"start":{"line":101,"column":6},"end":{"line":104,"column":null}},{"start":{"line":101,"column":6},"end":{"line":104,"column":null}}]},"17":{"loc":{"start":{"line":113,"column":4},"end":{"line":116,"column":null}},"type":"if","locations":[{"start":{"line":113,"column":4},"end":{"line":116,"column":null}},{"start":{"line":113,"column":4},"end":{"line":116,"column":null}}]}},"s":{"0":2,"1":2,"2":2,"3":2,"4":2,"5":2,"6":2,"7":2,"8":2,"9":2,"10":2,"11":2,"12":2,"13":2,"14":2,"15":2,"16":2,"17":2,"18":2,"19":6,"20":6,"21":4,"22":4,"23":4,"24":2,"25":2,"26":5,"27":3,"28":3,"29":2,"30":2,"31":5,"32":2,"33":2,"34":1,"35":1,"36":2,"37":5,"38":5,"39":4,"40":4,"41":2,"42":5,"43":2,"44":3,"45":3,"46":2,"47":3,"48":2,"49":2,"50":2,"51":2,"52":2,"53":5,"54":2,"55":1,"56":1,"57":5,"58":3,"59":2,"60":2,"61":2,"62":2,"63":2,"64":3,"65":2,"66":2,"67":2,"68":2,"69":2,"70":3,"71":3,"72":2,"73":3,"74":3,"75":2,"76":34,"77":2,"78":2},"f":{"0":2,"1":2,"2":6,"3":5,"4":5,"5":5,"6":3,"7":3,"8":2,"9":5,"10":2,"11":3,"12":2,"13":3,"14":3,"15":34},"b":{"0":[2,2],"1":[6,5],"2":[4,2],"3":[2,2],"4":[3,2],"5":[3,2],"6":[2,1],"7":[2,3],"8":[2,1],"9":[1,1],"10":[5,5],"11":[4,1],"12":[2,1],"13":[2,3],"14":[1,1],"15":[3,2],"16":[2,1],"17":[2,1]}}
,"C:\\Users\\Евгений\\Desktop\\jquery-slider-plugin\\src\\mvp\\Presenter.ts": {"path":"C:\\Users\\Евгений\\Desktop\\jquery-slider-plugin\\src\\mvp\\Presenter.ts","statementMap":{"0":{"start":{"line":1,"column":0},"end":{"line":1,"column":48}},"1":{"start":{"line":2,"column":0},"end":{"line":2,"column":32}},"2":{"start":{"line":3,"column":0},"end":{"line":3,"column":30}},"3":{"start":{"line":11,"column":0},"end":{"line":11,"column":null}},"4":{"start":{"line":11,"column":24},"end":{"line":11,"column":32}},"5":{"start":{"line":17,"column":9},"end":{"line":17,"column":null}},"6":{"start":{"line":18,"column":15},"end":{"line":18,"column":null}},"7":{"start":{"line":19,"column":12},"end":{"line":19,"column":null}},"8":{"start":{"line":20,"column":12},"end":{"line":20,"column":null}},"9":{"start":{"line":21,"column":16},"end":{"line":21,"column":null}},"10":{"start":{"line":22,"column":8},"end":{"line":22,"column":null}},"11":{"start":{"line":23,"column":21},"end":{"line":23,"column":null}},"12":{"start":{"line":24,"column":21},"end":{"line":24,"column":null}},"13":{"start":{"line":26,"column":4},"end":{"line":26,"column":null}},"14":{"start":{"line":27,"column":4},"end":{"line":35,"column":7}},"15":{"start":{"line":36,"column":4},"end":{"line":45,"column":7}},"16":{"start":{"line":46,"column":4},"end":{"line":46,"column":23}},"17":{"start":{"line":48,"column":4},"end":{"line":48,"column":16}},"18":{"start":{"line":51,"column":10},"end":{"line":97,"column":null}},"19":{"start":{"line":51,"column":2},"end":{"line":51,"column":10}},"20":{"start":{"line":52,"column":4},"end":{"line":82,"column":7}},"21":{"start":{"line":53,"column":6},"end":{"line":81,"column":null}},"22":{"start":{"line":55,"column":10},"end":{"line":55,"column":46}},"23":{"start":{"line":56,"column":10},"end":{"line":56,"column":16}},"24":{"start":{"line":58,"column":10},"end":{"line":58,"column":49}},"25":{"start":{"line":59,"column":10},"end":{"line":59,"column":16}},"26":{"start":{"line":61,"column":10},"end":{"line":61,"column":49}},"27":{"start":{"line":62,"column":10},"end":{"line":62,"column":16}},"28":{"start":{"line":64,"column":10},"end":{"line":64,"column":45}},"29":{"start":{"line":65,"column":10},"end":{"line":65,"column":16}},"30":{"start":{"line":67,"column":10},"end":{"line":67,"column":42}},"31":{"start":{"line":68,"column":10},"end":{"line":68,"column":16}},"32":{"start":{"line":70,"column":10},"end":{"line":70,"column":42}},"33":{"start":{"line":71,"column":10},"end":{"line":71,"column":16}},"34":{"start":{"line":73,"column":10},"end":{"line":73,"column":38}},"35":{"start":{"line":74,"column":10},"end":{"line":74,"column":16}},"36":{"start":{"line":76,"column":10},"end":{"line":76,"column":51}},"37":{"start":{"line":77,"column":10},"end":{"line":77,"column":16}},"38":{"start":{"line":79,"column":10},"end":{"line":79,"column":51}},"39":{"start":{"line":80,"column":10},"end":{"line":80,"column":16}},"40":{"start":{"line":84,"column":4},"end":{"line":96,"column":7}},"41":{"start":{"line":85,"column":6},"end":{"line":95,"column":null}},"42":{"start":{"line":87,"column":10},"end":{"line":87,"column":43}},"43":{"start":{"line":88,"column":10},"end":{"line":88,"column":16}},"44":{"start":{"line":90,"column":10},"end":{"line":90,"column":46}},"45":{"start":{"line":91,"column":10},"end":{"line":91,"column":16}},"46":{"start":{"line":93,"column":10},"end":{"line":93,"column":46}},"47":{"start":{"line":94,"column":10},"end":{"line":94,"column":16}},"48":{"start":{"line":99,"column":9},"end":{"line":102,"column":null}},"49":{"start":{"line":100,"column":4},"end":{"line":100,"column":38}},"50":{"start":{"line":101,"column":4},"end":{"line":101,"column":93}},"51":{"start":{"line":104,"column":10},"end":{"line":106,"column":null}},"52":{"start":{"line":105,"column":4},"end":{"line":105,"column":40}},"53":{"start":{"line":108,"column":9},"end":{"line":111,"column":null}},"54":{"start":{"line":109,"column":4},"end":{"line":109,"column":41}},"55":{"start":{"line":110,"column":4},"end":{"line":110,"column":93}},"56":{"start":{"line":113,"column":10},"end":{"line":115,"column":null}},"57":{"start":{"line":114,"column":4},"end":{"line":114,"column":43}},"58":{"start":{"line":117,"column":9},"end":{"line":120,"column":null}},"59":{"start":{"line":118,"column":4},"end":{"line":118,"column":41}},"60":{"start":{"line":119,"column":4},"end":{"line":119,"column":93}},"61":{"start":{"line":122,"column":10},"end":{"line":124,"column":null}},"62":{"start":{"line":123,"column":4},"end":{"line":123,"column":43}},"63":{"start":{"line":126,"column":9},"end":{"line":128,"column":null}},"64":{"start":{"line":127,"column":4},"end":{"line":127,"column":37}},"65":{"start":{"line":130,"column":10},"end":{"line":132,"column":null}},"66":{"start":{"line":131,"column":4},"end":{"line":131,"column":39}},"67":{"start":{"line":134,"column":9},"end":{"line":137,"column":null}},"68":{"start":{"line":135,"column":4},"end":{"line":135,"column":34}},"69":{"start":{"line":136,"column":4},"end":{"line":136,"column":81}},"70":{"start":{"line":139,"column":10},"end":{"line":141,"column":null}},"71":{"start":{"line":140,"column":4},"end":{"line":140,"column":36}},"72":{"start":{"line":143,"column":9},"end":{"line":146,"column":null}},"73":{"start":{"line":144,"column":4},"end":{"line":144,"column":34}},"74":{"start":{"line":145,"column":4},"end":{"line":145,"column":81}},"75":{"start":{"line":148,"column":10},"end":{"line":150,"column":null}},"76":{"start":{"line":149,"column":4},"end":{"line":149,"column":36}},"77":{"start":{"line":152,"column":9},"end":{"line":155,"column":null}},"78":{"start":{"line":153,"column":4},"end":{"line":153,"column":30}},"79":{"start":{"line":154,"column":4},"end":{"line":154,"column":69}},"80":{"start":{"line":157,"column":10},"end":{"line":159,"column":null}},"81":{"start":{"line":158,"column":4},"end":{"line":158,"column":32}},"82":{"start":{"line":161,"column":9},"end":{"line":163,"column":null}},"83":{"start":{"line":162,"column":4},"end":{"line":162,"column":43}},"84":{"start":{"line":165,"column":10},"end":{"line":167,"column":null}},"85":{"start":{"line":166,"column":4},"end":{"line":166,"column":45}},"86":{"start":{"line":169,"column":9},"end":{"line":171,"column":null}},"87":{"start":{"line":170,"column":4},"end":{"line":170,"column":43}},"88":{"start":{"line":173,"column":10},"end":{"line":175,"column":null}},"89":{"start":{"line":174,"column":4},"end":{"line":174,"column":45}},"90":{"start":{"line":177,"column":9},"end":{"line":182,"column":null}},"91":{"start":{"line":178,"column":4},"end":{"line":181,"column":6}},"92":{"start":{"line":183,"column":0},"end":{"line":183,"column":null}},"93":{"start":{"line":186,"column":2},"end":{"line":186,"column":11}}},"fnMap":{"0":{"name":"(anonymous_6)","decl":{"start":{"line":11,"column":0},"end":{"line":11,"column":24}},"loc":{"start":{"line":11,"column":0},"end":{"line":183,"column":null}}},"1":{"name":"Presenter","decl":{"start":{"line":16,"column":2},"end":{"line":16,"column":14}},"loc":{"start":{"line":25,"column":22},"end":{"line":49,"column":3}}},"2":{"name":"(anonymous_8)","decl":{"start":{"line":51,"column":2},"end":{"line":51,"column":10}},"loc":{"start":{"line":51,"column":2},"end":{"line":97,"column":3}}},"3":{"name":"(anonymous_9)","decl":{"start":{"line":52,"column":25},"end":{"line":52,"column":26}},"loc":{"start":{"line":52,"column":40},"end":{"line":82,"column":5}}},"4":{"name":"(anonymous_10)","decl":{"start":{"line":84,"column":24},"end":{"line":84,"column":25}},"loc":{"start":{"line":84,"column":41},"end":{"line":96,"column":5}}},"5":{"name":"(anonymous_11)","decl":{"start":{"line":99,"column":2},"end":{"line":99,"column":9}},"loc":{"start":{"line":99,"column":38},"end":{"line":102,"column":3}}},"6":{"name":"(anonymous_12)","decl":{"start":{"line":104,"column":2},"end":{"line":104,"column":10}},"loc":{"start":{"line":104,"column":42},"end":{"line":106,"column":3}}},"7":{"name":"(anonymous_13)","decl":{"start":{"line":108,"column":2},"end":{"line":108,"column":9}},"loc":{"start":{"line":108,"column":41},"end":{"line":111,"column":3}}},"8":{"name":"(anonymous_14)","decl":{"start":{"line":113,"column":2},"end":{"line":113,"column":10}},"loc":{"start":{"line":113,"column":45},"end":{"line":115,"column":3}}},"9":{"name":"(anonymous_15)","decl":{"start":{"line":117,"column":2},"end":{"line":117,"column":9}},"loc":{"start":{"line":117,"column":41},"end":{"line":120,"column":3}}},"10":{"name":"(anonymous_16)","decl":{"start":{"line":122,"column":2},"end":{"line":122,"column":10}},"loc":{"start":{"line":122,"column":45},"end":{"line":124,"column":3}}},"11":{"name":"(anonymous_17)","decl":{"start":{"line":126,"column":2},"end":{"line":126,"column":9}},"loc":{"start":{"line":126,"column":56},"end":{"line":128,"column":3}}},"12":{"name":"(anonymous_18)","decl":{"start":{"line":130,"column":2},"end":{"line":130,"column":10}},"loc":{"start":{"line":130,"column":60},"end":{"line":132,"column":3}}},"13":{"name":"(anonymous_19)","decl":{"start":{"line":134,"column":2},"end":{"line":134,"column":9}},"loc":{"start":{"line":134,"column":34},"end":{"line":137,"column":3}}},"14":{"name":"(anonymous_20)","decl":{"start":{"line":139,"column":2},"end":{"line":139,"column":10}},"loc":{"start":{"line":139,"column":38},"end":{"line":141,"column":3}}},"15":{"name":"(anonymous_21)","decl":{"start":{"line":143,"column":2},"end":{"line":143,"column":9}},"loc":{"start":{"line":143,"column":34},"end":{"line":146,"column":3}}},"16":{"name":"(anonymous_22)","decl":{"start":{"line":148,"column":2},"end":{"line":148,"column":10}},"loc":{"start":{"line":148,"column":38},"end":{"line":150,"column":3}}},"17":{"name":"(anonymous_23)","decl":{"start":{"line":152,"column":2},"end":{"line":152,"column":9}},"loc":{"start":{"line":152,"column":30},"end":{"line":155,"column":3}}},"18":{"name":"(anonymous_24)","decl":{"start":{"line":157,"column":2},"end":{"line":157,"column":10}},"loc":{"start":{"line":157,"column":34},"end":{"line":159,"column":3}}},"19":{"name":"(anonymous_25)","decl":{"start":{"line":161,"column":2},"end":{"line":161,"column":9}},"loc":{"start":{"line":161,"column":44},"end":{"line":163,"column":3}}},"20":{"name":"(anonymous_26)","decl":{"start":{"line":165,"column":2},"end":{"line":165,"column":10}},"loc":{"start":{"line":165,"column":48},"end":{"line":167,"column":3}}},"21":{"name":"(anonymous_27)","decl":{"start":{"line":169,"column":2},"end":{"line":169,"column":9}},"loc":{"start":{"line":169,"column":44},"end":{"line":171,"column":3}}},"22":{"name":"(anonymous_28)","decl":{"start":{"line":173,"column":2},"end":{"line":173,"column":10}},"loc":{"start":{"line":173,"column":48},"end":{"line":175,"column":3}}},"23":{"name":"(anonymous_29)","decl":{"start":{"line":177,"column":2},"end":{"line":177,"column":9}},"loc":{"start":{"line":177,"column":2},"end":{"line":182,"column":3}}}},"branchMap":{"0":{"loc":{"start":{"line":26,"column":4},"end":{"line":26,"column":11}},"type":"binary-expr","locations":[{"start":{"line":26,"column":4},"end":{"line":26,"column":11}},{"start":{"line":26,"column":11},"end":{"line":26,"column":null}}]},"1":{"loc":{"start":{"line":54,"column":8},"end":{"line":56,"column":16}},"type":"switch","locations":[{"start":{"line":54,"column":8},"end":{"line":56,"column":16}},{"start":{"line":57,"column":8},"end":{"line":59,"column":16}},{"start":{"line":60,"column":8},"end":{"line":62,"column":16}},{"start":{"line":63,"column":8},"end":{"line":65,"column":16}},{"start":{"line":66,"column":8},"end":{"line":68,"column":16}},{"start":{"line":69,"column":8},"end":{"line":71,"column":16}},{"start":{"line":72,"column":8},"end":{"line":74,"column":16}},{"start":{"line":75,"column":8},"end":{"line":77,"column":16}},{"start":{"line":78,"column":8},"end":{"line":80,"column":16}}]},"2":{"loc":{"start":{"line":86,"column":8},"end":{"line":88,"column":16}},"type":"switch","locations":[{"start":{"line":86,"column":8},"end":{"line":88,"column":16}},{"start":{"line":89,"column":8},"end":{"line":91,"column":16}},{"start":{"line":92,"column":8},"end":{"line":94,"column":16}}]}},"s":{"0":1,"1":1,"2":1,"3":1,"4":1,"5":1,"6":1,"7":1,"8":1,"9":1,"10":1,"11":1,"12":1,"13":1,"14":1,"15":1,"16":1,"17":1,"18":1,"19":1,"20":1,"21":18,"22":2,"23":2,"24":2,"25":2,"26":2,"27":2,"28":2,"29":2,"30":2,"31":2,"32":2,"33":2,"34":2,"35":2,"36":2,"37":2,"38":2,"39":2,"40":1,"41":3,"42":1,"43":1,"44":1,"45":1,"46":1,"47":1,"48":1,"49":1,"50":1,"51":1,"52":2,"53":1,"54":1,"55":1,"56":1,"57":2,"58":1,"59":1,"60":1,"61":1,"62":2,"63":1,"64":1,"65":1,"66":2,"67":1,"68":1,"69":1,"70":1,"71":2,"72":1,"73":1,"74":1,"75":1,"76":2,"77":1,"78":1,"79":1,"80":1,"81":2,"82":1,"83":1,"84":1,"85":2,"86":1,"87":1,"88":1,"89":2,"90":1,"91":36,"92":1,"93":1},"f":{"0":1,"1":1,"2":1,"3":18,"4":3,"5":1,"6":2,"7":1,"8":2,"9":1,"10":2,"11":1,"12":2,"13":1,"14":2,"15":1,"16":2,"17":1,"18":2,"19":1,"20":2,"21":1,"22":2,"23":36},"b":{"0":[1,1],"1":[2,2,2,2,2,2,2,2,2],"2":[1,1,1]}}
,"C:\\Users\\Евгений\\Desktop\\jquery-slider-plugin\\src\\mvp\\View.ts": {"path":"C:\\Users\\Евгений\\Desktop\\jquery-slider-plugin\\src\\mvp\\View.ts","statementMap":{"0":{"start":{"line":1,"column":0},"end":{"line":1,"column":48}},"1":{"start":{"line":2,"column":0},"end":{"line":2,"column":53}},"2":{"start":{"line":3,"column":0},"end":{"line":3,"column":50}},"3":{"start":{"line":4,"column":0},"end":{"line":4,"column":69}},"4":{"start":{"line":5,"column":0},"end":{"line":5,"column":53}},"5":{"start":{"line":6,"column":0},"end":{"line":6,"column":69}},"6":{"start":{"line":7,"column":0},"end":{"line":7,"column":69}},"7":{"start":{"line":17,"column":0},"end":{"line":17,"column":null}},"8":{"start":{"line":17,"column":19},"end":{"line":17,"column":27}},"9":{"start":{"line":57,"column":9},"end":{"line":57,"column":null}},"10":{"start":{"line":58,"column":15},"end":{"line":58,"column":null}},"11":{"start":{"line":59,"column":12},"end":{"line":59,"column":null}},"12":{"start":{"line":60,"column":12},"end":{"line":60,"column":null}},"13":{"start":{"line":61,"column":16},"end":{"line":61,"column":null}},"14":{"start":{"line":62,"column":8},"end":{"line":62,"column":null}},"15":{"start":{"line":63,"column":21},"end":{"line":63,"column":null}},"16":{"start":{"line":64,"column":21},"end":{"line":64,"column":null}},"17":{"start":{"line":66,"column":4},"end":{"line":66,"column":null}},"18":{"start":{"line":67,"column":4},"end":{"line":67,"column":23}},"19":{"start":{"line":68,"column":4},"end":{"line":68,"column":35}},"20":{"start":{"line":69,"column":4},"end":{"line":69,"column":29}},"21":{"start":{"line":70,"column":4},"end":{"line":70,"column":29}},"22":{"start":{"line":71,"column":4},"end":{"line":71,"column":37}},"23":{"start":{"line":72,"column":4},"end":{"line":72,"column":54}},"24":{"start":{"line":73,"column":4},"end":{"line":73,"column":54}},"25":{"start":{"line":74,"column":4},"end":{"line":76,"column":null}},"26":{"start":{"line":75,"column":6},"end":{"line":75,"column":69}},"27":{"start":{"line":77,"column":4},"end":{"line":82,"column":null}},"28":{"start":{"line":78,"column":6},"end":{"line":81,"column":8}},"29":{"start":{"line":83,"column":4},"end":{"line":83,"column":21}},"30":{"start":{"line":84,"column":4},"end":{"line":84,"column":47}},"31":{"start":{"line":85,"column":4},"end":{"line":85,"column":47}},"32":{"start":{"line":87,"column":4},"end":{"line":87,"column":47}},"33":{"start":{"line":88,"column":4},"end":{"line":88,"column":45}},"34":{"start":{"line":89,"column":4},"end":{"line":89,"column":57}},"35":{"start":{"line":90,"column":4},"end":{"line":92,"column":null}},"36":{"start":{"line":91,"column":6},"end":{"line":91,"column":49}},"37":{"start":{"line":93,"column":4},"end":{"line":95,"column":null}},"38":{"start":{"line":94,"column":6},"end":{"line":94,"column":59}},"39":{"start":{"line":96,"column":4},"end":{"line":99,"column":null}},"40":{"start":{"line":97,"column":6},"end":{"line":97,"column":52}},"41":{"start":{"line":98,"column":6},"end":{"line":98,"column":52}},"42":{"start":{"line":100,"column":4},"end":{"line":103,"column":null}},"43":{"start":{"line":101,"column":6},"end":{"line":101,"column":62}},"44":{"start":{"line":102,"column":6},"end":{"line":102,"column":62}},"45":{"start":{"line":104,"column":4},"end":{"line":111,"column":null}},"46":{"start":{"line":105,"column":6},"end":{"line":110,"column":8}},"47":{"start":{"line":113,"column":4},"end":{"line":113,"column":43}},"48":{"start":{"line":114,"column":4},"end":{"line":114,"column":40}},"49":{"start":{"line":115,"column":4},"end":{"line":115,"column":58}},"50":{"start":{"line":116,"column":4},"end":{"line":118,"column":null}},"51":{"start":{"line":117,"column":6},"end":{"line":117,"column":45}},"52":{"start":{"line":119,"column":4},"end":{"line":121,"column":null}},"53":{"start":{"line":120,"column":6},"end":{"line":120,"column":60}},"54":{"start":{"line":122,"column":4},"end":{"line":125,"column":null}},"55":{"start":{"line":123,"column":6},"end":{"line":123,"column":51}},"56":{"start":{"line":124,"column":6},"end":{"line":124,"column":51}},"57":{"start":{"line":126,"column":4},"end":{"line":129,"column":null}},"58":{"start":{"line":127,"column":6},"end":{"line":127,"column":66}},"59":{"start":{"line":128,"column":6},"end":{"line":128,"column":66}},"60":{"start":{"line":130,"column":4},"end":{"line":132,"column":null}},"61":{"start":{"line":131,"column":6},"end":{"line":131,"column":60}},"62":{"start":{"line":134,"column":4},"end":{"line":134,"column":16}},"63":{"start":{"line":137,"column":10},"end":{"line":223,"column":null}},"64":{"start":{"line":137,"column":2},"end":{"line":137,"column":10}},"65":{"start":{"line":138,"column":4},"end":{"line":141,"column":36}},"66":{"start":{"line":142,"column":4},"end":{"line":144,"column":null}},"67":{"start":{"line":143,"column":6},"end":{"line":143,"column":40}},"68":{"start":{"line":145,"column":4},"end":{"line":147,"column":null}},"69":{"start":{"line":146,"column":6},"end":{"line":146,"column":45}},"70":{"start":{"line":148,"column":4},"end":{"line":152,"column":null}},"71":{"start":{"line":149,"column":6},"end":{"line":151,"column":33}},"72":{"start":{"line":153,"column":4},"end":{"line":157,"column":null}},"73":{"start":{"line":154,"column":6},"end":{"line":156,"column":38}},"74":{"start":{"line":158,"column":4},"end":{"line":166,"column":null}},"75":{"start":{"line":159,"column":6},"end":{"line":159,"column":45}},"76":{"start":{"line":160,"column":6},"end":{"line":162,"column":null}},"77":{"start":{"line":161,"column":8},"end":{"line":161,"column":77}},"78":{"start":{"line":163,"column":6},"end":{"line":165,"column":null}},"79":{"start":{"line":164,"column":8},"end":{"line":164,"column":78}},"80":{"start":{"line":168,"column":4},"end":{"line":168,"column":26}},"81":{"start":{"line":170,"column":4},"end":{"line":172,"column":null}},"82":{"start":{"line":171,"column":6},"end":{"line":171,"column":32}},"83":{"start":{"line":173,"column":4},"end":{"line":176,"column":null}},"84":{"start":{"line":174,"column":6},"end":{"line":174,"column":35}},"85":{"start":{"line":175,"column":6},"end":{"line":175,"column":35}},"86":{"start":{"line":178,"column":4},"end":{"line":184,"column":null}},"87":{"start":{"line":179,"column":6},"end":{"line":183,"column":9}},"88":{"start":{"line":179,"column":35},"end":{"line":179,"column":37}},"89":{"start":{"line":179,"column":42},"end":{"line":179,"column":77}},"90":{"start":{"line":180,"column":8},"end":{"line":182,"column":null}},"91":{"start":{"line":181,"column":10},"end":{"line":181,"column":55}},"92":{"start":{"line":186,"column":4},"end":{"line":192,"column":null}},"93":{"start":{"line":187,"column":6},"end":{"line":191,"column":9}},"94":{"start":{"line":187,"column":38},"end":{"line":187,"column":40}},"95":{"start":{"line":187,"column":45},"end":{"line":187,"column":80}},"96":{"start":{"line":188,"column":8},"end":{"line":190,"column":null}},"97":{"start":{"line":189,"column":10},"end":{"line":189,"column":58}},"98":{"start":{"line":194,"column":4},"end":{"line":200,"column":null}},"99":{"start":{"line":195,"column":6},"end":{"line":199,"column":9}},"100":{"start":{"line":195,"column":38},"end":{"line":195,"column":40}},"101":{"start":{"line":195,"column":45},"end":{"line":195,"column":80}},"102":{"start":{"line":196,"column":8},"end":{"line":198,"column":null}},"103":{"start":{"line":197,"column":10},"end":{"line":197,"column":58}},"104":{"start":{"line":202,"column":4},"end":{"line":206,"column":7}},"105":{"start":{"line":202,"column":32},"end":{"line":202,"column":34}},"106":{"start":{"line":202,"column":39},"end":{"line":202,"column":74}},"107":{"start":{"line":203,"column":6},"end":{"line":205,"column":null}},"108":{"start":{"line":204,"column":8},"end":{"line":204,"column":38}},"109":{"start":{"line":208,"column":4},"end":{"line":212,"column":7}},"110":{"start":{"line":208,"column":38},"end":{"line":208,"column":40}},"111":{"start":{"line":208,"column":45},"end":{"line":208,"column":80}},"112":{"start":{"line":209,"column":6},"end":{"line":211,"column":null}},"113":{"start":{"line":210,"column":8},"end":{"line":210,"column":38}},"114":{"start":{"line":214,"column":4},"end":{"line":220,"column":null}},"115":{"start":{"line":215,"column":6},"end":{"line":219,"column":9}},"116":{"start":{"line":215,"column":40},"end":{"line":215,"column":42}},"117":{"start":{"line":215,"column":47},"end":{"line":215,"column":82}},"118":{"start":{"line":216,"column":8},"end":{"line":218,"column":null}},"119":{"start":{"line":217,"column":10},"end":{"line":217,"column":40}},"120":{"start":{"line":222,"column":4},"end":{"line":222,"column":60}},"121":{"start":{"line":222,"column":33},"end":{"line":222,"column":59}},"122":{"start":{"line":225,"column":9},"end":{"line":237,"column":null}},"123":{"start":{"line":226,"column":4},"end":{"line":230,"column":null}},"124":{"start":{"line":227,"column":6},"end":{"line":227,"column":35}},"125":{"start":{"line":228,"column":6},"end":{"line":228,"column":55}},"126":{"start":{"line":229,"column":6},"end":{"line":229,"column":32}},"127":{"start":{"line":231,"column":4},"end":{"line":236,"column":null}},"128":{"start":{"line":232,"column":6},"end":{"line":232,"column":32}},"129":{"start":{"line":233,"column":6},"end":{"line":233,"column":35}},"130":{"start":{"line":234,"column":6},"end":{"line":234,"column":55}},"131":{"start":{"line":235,"column":6},"end":{"line":235,"column":32}},"132":{"start":{"line":239,"column":9},"end":{"line":251,"column":null}},"133":{"start":{"line":240,"column":4},"end":{"line":245,"column":null}},"134":{"start":{"line":241,"column":6},"end":{"line":241,"column":34}},"135":{"start":{"line":242,"column":6},"end":{"line":242,"column":35}},"136":{"start":{"line":243,"column":6},"end":{"line":243,"column":55}},"137":{"start":{"line":244,"column":6},"end":{"line":244,"column":35}},"138":{"start":{"line":246,"column":4},"end":{"line":250,"column":null}},"139":{"start":{"line":247,"column":6},"end":{"line":247,"column":35}},"140":{"start":{"line":248,"column":6},"end":{"line":248,"column":55}},"141":{"start":{"line":249,"column":6},"end":{"line":249,"column":35}},"142":{"start":{"line":253,"column":9},"end":{"line":265,"column":null}},"143":{"start":{"line":254,"column":4},"end":{"line":259,"column":null}},"144":{"start":{"line":255,"column":6},"end":{"line":255,"column":34}},"145":{"start":{"line":256,"column":6},"end":{"line":256,"column":35}},"146":{"start":{"line":257,"column":6},"end":{"line":257,"column":55}},"147":{"start":{"line":258,"column":6},"end":{"line":258,"column":35}},"148":{"start":{"line":260,"column":4},"end":{"line":264,"column":null}},"149":{"start":{"line":261,"column":6},"end":{"line":261,"column":35}},"150":{"start":{"line":262,"column":6},"end":{"line":262,"column":55}},"151":{"start":{"line":263,"column":6},"end":{"line":263,"column":35}},"152":{"start":{"line":267,"column":9},"end":{"line":309,"column":null}},"153":{"start":{"line":268,"column":4},"end":{"line":271,"column":41}},"154":{"start":{"line":272,"column":4},"end":{"line":272,"column":35}},"155":{"start":{"line":273,"column":4},"end":{"line":273,"column":51}},"156":{"start":{"line":274,"column":4},"end":{"line":274,"column":57}},"157":{"start":{"line":275,"column":4},"end":{"line":277,"column":null}},"158":{"start":{"line":276,"column":6},"end":{"line":276,"column":54}},"159":{"start":{"line":278,"column":4},"end":{"line":280,"column":null}},"160":{"start":{"line":279,"column":6},"end":{"line":279,"column":59}},"161":{"start":{"line":281,"column":4},"end":{"line":284,"column":null}},"162":{"start":{"line":282,"column":6},"end":{"line":282,"column":57}},"163":{"start":{"line":283,"column":6},"end":{"line":283,"column":57}},"164":{"start":{"line":285,"column":4},"end":{"line":288,"column":null}},"165":{"start":{"line":286,"column":6},"end":{"line":286,"column":62}},"166":{"start":{"line":287,"column":6},"end":{"line":287,"column":62}},"167":{"start":{"line":289,"column":4},"end":{"line":291,"column":null}},"168":{"start":{"line":290,"column":6},"end":{"line":290,"column":59}},"169":{"start":{"line":293,"column":4},"end":{"line":293,"column":26}},"170":{"start":{"line":295,"column":4},"end":{"line":297,"column":null}},"171":{"start":{"line":296,"column":6},"end":{"line":296,"column":75}},"172":{"start":{"line":298,"column":4},"end":{"line":300,"column":null}},"173":{"start":{"line":299,"column":6},"end":{"line":299,"column":76}},"174":{"start":{"line":302,"column":4},"end":{"line":304,"column":null}},"175":{"start":{"line":303,"column":6},"end":{"line":303,"column":32}},"176":{"start":{"line":305,"column":4},"end":{"line":308,"column":null}},"177":{"start":{"line":306,"column":6},"end":{"line":306,"column":35}},"178":{"start":{"line":307,"column":6},"end":{"line":307,"column":35}},"179":{"start":{"line":311,"column":9},"end":{"line":337,"column":null}},"180":{"start":{"line":312,"column":4},"end":{"line":312,"column":29}},"181":{"start":{"line":313,"column":4},"end":{"line":313,"column":54}},"182":{"start":{"line":314,"column":4},"end":{"line":314,"column":54}},"183":{"start":{"line":316,"column":4},"end":{"line":318,"column":null}},"184":{"start":{"line":317,"column":6},"end":{"line":317,"column":70}},"185":{"start":{"line":319,"column":4},"end":{"line":322,"column":null}},"186":{"start":{"line":320,"column":6},"end":{"line":320,"column":70}},"187":{"start":{"line":321,"column":6},"end":{"line":321,"column":70}},"188":{"start":{"line":324,"column":4},"end":{"line":324,"column":26}},"189":{"start":{"line":326,"column":4},"end":{"line":328,"column":null}},"190":{"start":{"line":327,"column":6},"end":{"line":327,"column":72}},"191":{"start":{"line":330,"column":4},"end":{"line":332,"column":null}},"192":{"start":{"line":331,"column":6},"end":{"line":331,"column":32}},"193":{"start":{"line":333,"column":4},"end":{"line":336,"column":null}},"194":{"start":{"line":334,"column":6},"end":{"line":334,"column":35}},"195":{"start":{"line":335,"column":6},"end":{"line":335,"column":35}},"196":{"start":{"line":339,"column":9},"end":{"line":356,"column":null}},"197":{"start":{"line":340,"column":4},"end":{"line":340,"column":29}},"198":{"start":{"line":341,"column":4},"end":{"line":341,"column":54}},"199":{"start":{"line":343,"column":4},"end":{"line":343,"column":26}},"200":{"start":{"line":345,"column":4},"end":{"line":347,"column":null}},"201":{"start":{"line":346,"column":6},"end":{"line":346,"column":72}},"202":{"start":{"line":349,"column":4},"end":{"line":351,"column":null}},"203":{"start":{"line":350,"column":6},"end":{"line":350,"column":32}},"204":{"start":{"line":352,"column":4},"end":{"line":355,"column":null}},"205":{"start":{"line":353,"column":6},"end":{"line":353,"column":35}},"206":{"start":{"line":354,"column":6},"end":{"line":354,"column":35}},"207":{"start":{"line":358,"column":9},"end":{"line":363,"column":null}},"208":{"start":{"line":359,"column":4},"end":{"line":359,"column":21}},"209":{"start":{"line":360,"column":4},"end":{"line":362,"column":null}},"210":{"start":{"line":361,"column":6},"end":{"line":361,"column":45}},"211":{"start":{"line":365,"column":9},"end":{"line":398,"column":null}},"212":{"start":{"line":366,"column":4},"end":{"line":366,"column":47}},"213":{"start":{"line":367,"column":4},"end":{"line":373,"column":null}},"214":{"start":{"line":368,"column":6},"end":{"line":368,"column":59}},"215":{"start":{"line":369,"column":6},"end":{"line":369,"column":60}},"216":{"start":{"line":370,"column":6},"end":{"line":370,"column":45}},"217":{"start":{"line":372,"column":6},"end":{"line":372,"column":32}},"218":{"start":{"line":374,"column":4},"end":{"line":385,"column":null}},"219":{"start":{"line":375,"column":6},"end":{"line":375,"column":62}},"220":{"start":{"line":376,"column":6},"end":{"line":376,"column":62}},"221":{"start":{"line":377,"column":6},"end":{"line":377,"column":66}},"222":{"start":{"line":378,"column":6},"end":{"line":378,"column":66}},"223":{"start":{"line":379,"column":6},"end":{"line":381,"column":38}},"224":{"start":{"line":383,"column":6},"end":{"line":383,"column":35}},"225":{"start":{"line":384,"column":6},"end":{"line":384,"column":35}},"226":{"start":{"line":386,"column":4},"end":{"line":390,"column":null}},"227":{"start":{"line":387,"column":6},"end":{"line":387,"column":30}},"228":{"start":{"line":388,"column":6},"end":{"line":388,"column":31}},"229":{"start":{"line":389,"column":6},"end":{"line":389,"column":50}},"230":{"start":{"line":391,"column":4},"end":{"line":397,"column":null}},"231":{"start":{"line":392,"column":6},"end":{"line":392,"column":33}},"232":{"start":{"line":393,"column":6},"end":{"line":393,"column":33}},"233":{"start":{"line":394,"column":6},"end":{"line":394,"column":34}},"234":{"start":{"line":395,"column":6},"end":{"line":395,"column":34}},"235":{"start":{"line":396,"column":6},"end":{"line":396,"column":50}},"236":{"start":{"line":400,"column":9},"end":{"line":429,"column":null}},"237":{"start":{"line":400,"column":2},"end":{"line":400,"column":9}},"238":{"start":{"line":401,"column":4},"end":{"line":401,"column":47}},"239":{"start":{"line":403,"column":4},"end":{"line":417,"column":null}},"240":{"start":{"line":404,"column":6},"end":{"line":409,"column":8}},"241":{"start":{"line":410,"column":6},"end":{"line":410,"column":60}},"242":{"start":{"line":411,"column":6},"end":{"line":411,"column":45}},"243":{"start":{"line":412,"column":6},"end":{"line":416,"column":9}},"244":{"start":{"line":412,"column":40},"end":{"line":412,"column":42}},"245":{"start":{"line":412,"column":47},"end":{"line":412,"column":82}},"246":{"start":{"line":413,"column":8},"end":{"line":415,"column":null}},"247":{"start":{"line":414,"column":10},"end":{"line":414,"column":40}},"248":{"start":{"line":418,"column":4},"end":{"line":420,"column":null}},"249":{"start":{"line":419,"column":6},"end":{"line":419,"column":75}},"250":{"start":{"line":421,"column":4},"end":{"line":423,"column":null}},"251":{"start":{"line":422,"column":6},"end":{"line":422,"column":76}},"252":{"start":{"line":424,"column":4},"end":{"line":428,"column":null}},"253":{"start":{"line":425,"column":6},"end":{"line":425,"column":30}},"254":{"start":{"line":426,"column":6},"end":{"line":426,"column":31}},"255":{"start":{"line":427,"column":6},"end":{"line":427,"column":50}},"256":{"start":{"line":431,"column":10},"end":{"line":477,"column":null}},"257":{"start":{"line":431,"column":2},"end":{"line":431,"column":10}},"258":{"start":{"line":432,"column":4},"end":{"line":432,"column":23}},"259":{"start":{"line":433,"column":4},"end":{"line":435,"column":null}},"260":{"start":{"line":434,"column":6},"end":{"line":434,"column":30}},"261":{"start":{"line":436,"column":4},"end":{"line":436,"column":24}},"262":{"start":{"line":437,"column":4},"end":{"line":439,"column":null}},"263":{"start":{"line":438,"column":6},"end":{"line":438,"column":31}},"264":{"start":{"line":440,"column":4},"end":{"line":440,"column":40}},"265":{"start":{"line":441,"column":4},"end":{"line":443,"column":null}},"266":{"start":{"line":442,"column":6},"end":{"line":442,"column":48}},"267":{"start":{"line":445,"column":4},"end":{"line":445,"column":50}},"268":{"start":{"line":446,"column":4},"end":{"line":446,"column":50}},"269":{"start":{"line":447,"column":4},"end":{"line":450,"column":null}},"270":{"start":{"line":448,"column":6},"end":{"line":448,"column":62}},"271":{"start":{"line":449,"column":6},"end":{"line":449,"column":62}},"272":{"start":{"line":451,"column":4},"end":{"line":451,"column":49}},"273":{"start":{"line":452,"column":4},"end":{"line":452,"column":49}},"274":{"start":{"line":453,"column":4},"end":{"line":456,"column":null}},"275":{"start":{"line":454,"column":6},"end":{"line":454,"column":66}},"276":{"start":{"line":455,"column":6},"end":{"line":455,"column":66}},"277":{"start":{"line":457,"column":4},"end":{"line":459,"column":31}},"278":{"start":{"line":460,"column":4},"end":{"line":464,"column":null}},"279":{"start":{"line":461,"column":6},"end":{"line":463,"column":38}},"280":{"start":{"line":466,"column":4},"end":{"line":470,"column":7}},"281":{"start":{"line":466,"column":36},"end":{"line":466,"column":38}},"282":{"start":{"line":466,"column":43},"end":{"line":466,"column":78}},"283":{"start":{"line":467,"column":6},"end":{"line":469,"column":null}},"284":{"start":{"line":468,"column":8},"end":{"line":468,"column":56}},"285":{"start":{"line":472,"column":4},"end":{"line":476,"column":7}},"286":{"start":{"line":472,"column":36},"end":{"line":472,"column":38}},"287":{"start":{"line":472,"column":43},"end":{"line":472,"column":78}},"288":{"start":{"line":473,"column":6},"end":{"line":475,"column":null}},"289":{"start":{"line":474,"column":8},"end":{"line":474,"column":56}},"290":{"start":{"line":479,"column":10},"end":{"line":519,"column":null}},"291":{"start":{"line":479,"column":2},"end":{"line":479,"column":10}},"292":{"start":{"line":480,"column":4},"end":{"line":480,"column":35}},"293":{"start":{"line":481,"column":4},"end":{"line":481,"column":39}},"294":{"start":{"line":482,"column":4},"end":{"line":482,"column":26}},"295":{"start":{"line":483,"column":4},"end":{"line":483,"column":26}},"296":{"start":{"line":484,"column":4},"end":{"line":487,"column":null}},"297":{"start":{"line":485,"column":6},"end":{"line":485,"column":33}},"298":{"start":{"line":486,"column":6},"end":{"line":486,"column":33}},"299":{"start":{"line":488,"column":4},"end":{"line":488,"column":27}},"300":{"start":{"line":489,"column":4},"end":{"line":489,"column":27}},"301":{"start":{"line":490,"column":4},"end":{"line":493,"column":null}},"302":{"start":{"line":491,"column":6},"end":{"line":491,"column":34}},"303":{"start":{"line":492,"column":6},"end":{"line":492,"column":34}},"304":{"start":{"line":494,"column":4},"end":{"line":494,"column":40}},"305":{"start":{"line":495,"column":4},"end":{"line":497,"column":null}},"306":{"start":{"line":496,"column":6},"end":{"line":496,"column":48}},"307":{"start":{"line":499,"column":4},"end":{"line":499,"column":47}},"308":{"start":{"line":500,"column":4},"end":{"line":502,"column":null}},"309":{"start":{"line":501,"column":6},"end":{"line":501,"column":59}},"310":{"start":{"line":503,"column":4},"end":{"line":503,"column":43}},"311":{"start":{"line":504,"column":4},"end":{"line":506,"column":null}},"312":{"start":{"line":505,"column":6},"end":{"line":505,"column":60}},"313":{"start":{"line":507,"column":4},"end":{"line":508,"column":28}},"314":{"start":{"line":509,"column":4},"end":{"line":512,"column":null}},"315":{"start":{"line":510,"column":6},"end":{"line":511,"column":35}},"316":{"start":{"line":514,"column":4},"end":{"line":518,"column":7}},"317":{"start":{"line":514,"column":33},"end":{"line":514,"column":35}},"318":{"start":{"line":514,"column":40},"end":{"line":514,"column":75}},"319":{"start":{"line":515,"column":6},"end":{"line":517,"column":null}},"320":{"start":{"line":516,"column":8},"end":{"line":516,"column":53}},"321":{"start":{"line":521,"column":10},"end":{"line":523,"column":null}},"322":{"start":{"line":522,"column":4},"end":{"line":522,"column":42}},"323":{"start":{"line":525,"column":10},"end":{"line":527,"column":null}},"324":{"start":{"line":526,"column":4},"end":{"line":526,"column":42}},"325":{"start":{"line":529,"column":10},"end":{"line":540,"column":null}},"326":{"start":{"line":530,"column":4},"end":{"line":533,"column":null}},"327":{"start":{"line":531,"column":6},"end":{"line":531,"column":48}},"328":{"start":{"line":532,"column":6},"end":{"line":532,"column":51}},"329":{"start":{"line":534,"column":4},"end":{"line":537,"column":null}},"330":{"start":{"line":535,"column":6},"end":{"line":535,"column":49}},"331":{"start":{"line":536,"column":6},"end":{"line":536
[...]
rt":{"line":302,"column":4},"end":{"line":304,"column":null}},"type":"if","locations":[{"start":{"line":302,"column":4},"end":{"line":304,"column":null}},{"start":{"line":302,"column":4},"end":{"line":304,"column":null}}]},"56":{"loc":{"start":{"line":305,"column":4},"end":{"line":308,"column":null}},"type":"if","locations":[{"start":{"line":305,"column":4},"end":{"line":308,"column":null}},{"start":{"line":305,"column":4},"end":{"line":308,"column":null}}]},"57":{"loc":{"start":{"line":316,"column":4},"end":{"line":318,"column":null}},"type":"if","locations":[{"start":{"line":316,"column":4},"end":{"line":318,"column":null}},{"start":{"line":316,"column":4},"end":{"line":318,"column":null}}]},"58":{"loc":{"start":{"line":319,"column":4},"end":{"line":322,"column":null}},"type":"if","locations":[{"start":{"line":319,"column":4},"end":{"line":322,"column":null}},{"start":{"line":319,"column":4},"end":{"line":322,"column":null}}]},"59":{"loc":{"start":{"line":326,"column":4},"end":{"line":328,"column":null}},"type":"if","locations":[{"start":{"line":326,"column":4},"end":{"line":328,"column":null}},{"start":{"line":326,"column":4},"end":{"line":328,"column":null}}]},"60":{"loc":{"start":{"line":330,"column":4},"end":{"line":332,"column":null}},"type":"if","locations":[{"start":{"line":330,"column":4},"end":{"line":332,"column":null}},{"start":{"line":330,"column":4},"end":{"line":332,"column":null}}]},"61":{"loc":{"start":{"line":333,"column":4},"end":{"line":336,"column":null}},"type":"if","locations":[{"start":{"line":333,"column":4},"end":{"line":336,"column":null}},{"start":{"line":333,"column":4},"end":{"line":336,"column":null}}]},"62":{"loc":{"start":{"line":345,"column":4},"end":{"line":347,"column":null}},"type":"if","locations":[{"start":{"line":345,"column":4},"end":{"line":347,"column":null}},{"start":{"line":345,"column":4},"end":{"line":347,"column":null}}]},"63":{"loc":{"start":{"line":349,"column":4},"end":{"line":351,"column":null}},"type":"if","locations":[{"start":{"line":349,"column":4},"end":{"line":351,"column":null}},{"start":{"line":349,"column":4},"end":{"line":351,"column":null}}]},"64":{"loc":{"start":{"line":352,"column":4},"end":{"line":355,"column":null}},"type":"if","locations":[{"start":{"line":352,"column":4},"end":{"line":355,"column":null}},{"start":{"line":352,"column":4},"end":{"line":355,"column":null}}]},"65":{"loc":{"start":{"line":360,"column":4},"end":{"line":362,"column":null}},"type":"if","locations":[{"start":{"line":360,"column":4},"end":{"line":362,"column":null}},{"start":{"line":360,"column":4},"end":{"line":362,"column":null}}]},"66":{"loc":{"start":{"line":367,"column":4},"end":{"line":373,"column":null}},"type":"if","locations":[{"start":{"line":367,"column":4},"end":{"line":373,"column":null}},{"start":{"line":367,"column":4},"end":{"line":373,"column":null}}]},"67":{"loc":{"start":{"line":367,"column":8},"end":{"line":367,"column":30}},"type":"binary-expr","locations":[{"start":{"line":367,"column":8},"end":{"line":367,"column":30}},{"start":{"line":367,"column":34},"end":{"line":367,"column":55}}]},"68":{"loc":{"start":{"line":374,"column":4},"end":{"line":385,"column":null}},"type":"if","locations":[{"start":{"line":374,"column":4},"end":{"line":385,"column":null}},{"start":{"line":374,"column":4},"end":{"line":385,"column":null}}]},"69":{"loc":{"start":{"line":374,"column":8},"end":{"line":374,"column":30}},"type":"binary-expr","locations":[{"start":{"line":374,"column":8},"end":{"line":374,"column":30}},{"start":{"line":374,"column":34},"end":{"line":374,"column":56}}]},"70":{"loc":{"start":{"line":386,"column":4},"end":{"line":390,"column":null}},"type":"if","locations":[{"start":{"line":386,"column":4},"end":{"line":390,"column":null}},{"start":{"line":386,"column":4},"end":{"line":390,"column":null}}]},"71":{"loc":{"start":{"line":386,"column":8},"end":{"line":386,"column":31}},"type":"binary-expr","locations":[{"start":{"line":386,"column":8},"end":{"line":386,"column":31}},{"start":{"line":386,"column":35},"end":{"line":386,"column":56}}]},"72":{"loc":{"start":{"line":391,"column":4},"end":{"line":397,"column":null}},"type":"if","locations":[{"start":{"line":391,"column":4},"end":{"line":397,"column":null}},{"start":{"line":391,"column":4},"end":{"line":397,"column":null}}]},"73":{"loc":{"start":{"line":391,"column":8},"end":{"line":391,"column":31}},"type":"binary-expr","locations":[{"start":{"line":391,"column":8},"end":{"line":391,"column":31}},{"start":{"line":391,"column":35},"end":{"line":391,"column":57}}]},"74":{"loc":{"start":{"line":403,"column":4},"end":{"line":417,"column":null}},"type":"if","locations":[{"start":{"line":403,"column":4},"end":{"line":417,"column":null}},{"start":{"line":403,"column":4},"end":{"line":417,"column":null}}]},"75":{"loc":{"start":{"line":413,"column":8},"end":{"line":415,"column":null}},"type":"if","locations":[{"start":{"line":413,"column":8},"end":{"line":415,"column":null}},{"start":{"line":413,"column":8},"end":{"line":415,"column":null}}]},"76":{"loc":{"start":{"line":418,"column":4},"end":{"line":420,"column":null}},"type":"if","locations":[{"start":{"line":418,"column":4},"end":{"line":420,"column":null}},{"start":{"line":418,"column":4},"end":{"line":420,"column":null}}]},"77":{"loc":{"start":{"line":418,"column":8},"end":{"line":418,"column":30}},"type":"binary-expr","locations":[{"start":{"line":418,"column":8},"end":{"line":418,"column":30}},{"start":{"line":418,"column":34},"end":{"line":418,"column":67}}]},"78":{"loc":{"start":{"line":421,"column":4},"end":{"line":423,"column":null}},"type":"if","locations":[{"start":{"line":421,"column":4},"end":{"line":423,"column":null}},{"start":{"line":421,"column":4},"end":{"line":423,"column":null}}]},"79":{"loc":{"start":{"line":421,"column":8},"end":{"line":421,"column":30}},"type":"binary-expr","locations":[{"start":{"line":421,"column":8},"end":{"line":421,"column":30}},{"start":{"line":421,"column":34},"end":{"line":421,"column":65}}]},"80":{"loc":{"start":{"line":424,"column":4},"end":{"line":428,"column":null}},"type":"if","locations":[{"start":{"line":424,"column":4},"end":{"line":428,"column":null}},{"start":{"line":424,"column":4},"end":{"line":428,"column":null}}]},"81":{"loc":{"start":{"line":433,"column":4},"end":{"line":435,"column":null}},"type":"if","locations":[{"start":{"line":433,"column":4},"end":{"line":435,"column":null}},{"start":{"line":433,"column":4},"end":{"line":435,"column":null}}]},"82":{"loc":{"start":{"line":437,"column":4},"end":{"line":439,"column":null}},"type":"if","locations":[{"start":{"line":437,"column":4},"end":{"line":439,"column":null}},{"start":{"line":437,"column":4},"end":{"line":439,"column":null}}]},"83":{"loc":{"start":{"line":441,"column":4},"end":{"line":443,"column":null}},"type":"if","locations":[{"start":{"line":441,"column":4},"end":{"line":443,"column":null}},{"start":{"line":441,"column":4},"end":{"line":443,"column":null}}]},"84":{"loc":{"start":{"line":447,"column":4},"end":{"line":450,"column":null}},"type":"if","locations":[{"start":{"line":447,"column":4},"end":{"line":450,"column":null}},{"start":{"line":447,"column":4},"end":{"line":450,"column":null}}]},"85":{"loc":{"start":{"line":453,"column":4},"end":{"line":456,"column":null}},"type":"if","locations":[{"start":{"line":453,"column":4},"end":{"line":456,"column":null}},{"start":{"line":453,"column":4},"end":{"line":456,"column":null}}]},"86":{"loc":{"start":{"line":460,"column":4},"end":{"line":464,"column":null}},"type":"if","locations":[{"start":{"line":460,"column":4},"end":{"line":464,"column":null}},{"start":{"line":460,"column":4},"end":{"line":464,"column":null}}]},"87":{"loc":{"start":{"line":467,"column":6},"end":{"line":469,"column":null}},"type":"if","locations":[{"start":{"line":467,"column":6},"end":{"line":469,"column":null}},{"start":{"line":467,"column":6},"end":{"line":469,"column":null}}]},"88":{"loc":{"start":{"line":473,"column":6},"end":{"line":475,"column":null}},"type":"if","locations":[{"start":{"line":473,"column":6},"end":{"line":475,"column":null}},{"start":{"line":473,"column":6},"end":{"line":475,"column":null}}]},"89":{"loc":{"start":{"line":484,"column":4},"end":{"line":487,"column":null}},"type":"if","locations":[{"start":{"line":484,"column":4},"end":{"line":487,"column":null}},{"start":{"line":484,"column":4},"end":{"line":487,"column":null}}]},"90":{"loc":{"start":{"line":490,"column":4},"end":{"line":493,"column":null}},"type":"if","locations":[{"start":{"line":490,"column":4},"end":{"line":493,"column":null}},{"start":{"line":490,"column":4},"end":{"line":493,"column":null}}]},"91":{"loc":{"start":{"line":495,"column":4},"end":{"line":497,"column":null}},"type":"if","locations":[{"start":{"line":495,"column":4},"end":{"line":497,"column":null}},{"start":{"line":495,"column":4},"end":{"line":497,"column":null}}]},"92":{"loc":{"start":{"line":500,"column":4},"end":{"line":502,"column":null}},"type":"if","locations":[{"start":{"line":500,"column":4},"end":{"line":502,"column":null}},{"start":{"line":500,"column":4},"end":{"line":502,"column":null}}]},"93":{"loc":{"start":{"line":504,"column":4},"end":{"line":506,"column":null}},"type":"if","locations":[{"start":{"line":504,"column":4},"end":{"line":506,"column":null}},{"start":{"line":504,"column":4},"end":{"line":506,"column":null}}]},"94":{"loc":{"start":{"line":509,"column":4},"end":{"line":512,"column":null}},"type":"if","locations":[{"start":{"line":509,"column":4},"end":{"line":512,"column":null}},{"start":{"line":509,"column":4},"end":{"line":512,"column":null}}]},"95":{"loc":{"start":{"line":515,"column":6},"end":{"line":517,"column":null}},"type":"if","locations":[{"start":{"line":515,"column":6},"end":{"line":517,"column":null}},{"start":{"line":515,"column":6},"end":{"line":517,"column":null}}]},"96":{"loc":{"start":{"line":530,"column":4},"end":{"line":533,"column":null}},"type":"if","locations":[{"start":{"line":530,"column":4},"end":{"line":533,"column":null}},{"start":{"line":530,"column":4},"end":{"line":533,"column":null}}]},"97":{"loc":{"start":{"line":534,"column":4},"end":{"line":537,"column":null}},"type":"if","locations":[{"start":{"line":534,"column":4},"end":{"line":537,"column":null}},{"start":{"line":534,"column":4},"end":{"line":537,"column":null}}]},"98":{"loc":{"start":{"line":546,"column":4},"end":{"line":551,"column":null}},"type":"if","locations":[{"start":{"line":546,"column":4},"end":{"line":551,"column":null}},{"start":{"line":546,"column":4},"end":{"line":551,"column":null}}]},"99":{"loc":{"start":{"line":561,"column":4},"end":{"line":566,"column":null}},"type":"if","locations":[{"start":{"line":561,"column":4},"end":{"line":566,"column":null}},{"start":{"line":561,"column":4},"end":{"line":566,"column":null}}]},"100":{"loc":{"start":{"line":576,"column":4},"end":{"line":580,"column":null}},"type":"if","locations":[{"start":{"line":576,"column":4},"end":{"line":580,"column":null}},{"start":{"line":576,"column":4},"end":{"line":580,"column":null}}]},"101":{"loc":{"start":{"line":605,"column":4},"end":{"line":610,"column":null}},"type":"if","locations":[{"start":{"line":605,"column":4},"end":{"line":610,"column":null}},{"start":{"line":605,"column":4},"end":{"line":610,"column":null}}]},"102":{"loc":{"start":{"line":611,"column":4},"end":{"line":631,"column":null}},"type":"if","locations":[{"start":{"line":611,"column":4},"end":{"line":631,"column":null}},{"start":{"line":611,"column":4},"end":{"line":631,"column":null}}]},"103":{"loc":{"start":{"line":619,"column":6},"end":{"line":624,"column":null}},"type":"if","locations":[{"start":{"line":619,"column":6},"end":{"line":624,"column":null}},{"start":{"line":619,"column":6},"end":{"line":624,"column":null}}]},"104":{"loc":{"start":{"line":625,"column":6},"end":{"line":630,"column":null}},"type":"if","locations":[{"start":{"line":625,"column":6},"end":{"line":630,"column":null}},{"start":{"line":625,"column":6},"end":{"line":630,"column":null}}]},"105":{"loc":{"start":{"line":638,"column":4},"end":{"line":640,"column":null}},"type":"if","locations":[{"start":{"line":638,"column":4},"end":{"line":640,"column":null}},{"start":{"line":638,"column":4},"end":{"line":640,"column":null}}]},"106":{"loc":{"start":{"line":641,"column":4},"end":{"line":644,"column":null}},"type":"if","locations":[{"start":{"line":641,"column":4},"end":{"line":644,"column":null}},{"start":{"line":641,"column":4},"end":{"line":644,"column":null}}]},"107":{"loc":{"start":{"line":646,"column":4},"end":{"line":648,"column":null}},"type":"if","locations":[{"start":{"line":646,"column":4},"end":{"line":648,"column":null}},{"start":{"line":646,"column":4},"end":{"line":648,"column":null}}]},"108":{"loc":{"start":{"line":646,"column":8},"end":{"line":646,"column":30}},"type":"binary-expr","locations":[{"start":{"line":646,"column":8},"end":{"line":646,"column":30}},{"start":{"line":646,"column":34},"end":{"line":646,"column":67}}]},"109":{"loc":{"start":{"line":649,"column":4},"end":{"line":651,"column":null}},"type":"if","locations":[{"start":{"line":649,"column":4},"end":{"line":651,"column":null}},{"start":{"line":649,"column":4},"end":{"line":651,"column":null}}]},"110":{"loc":{"start":{"line":649,"column":8},"end":{"line":649,"column":30}},"type":"binary-expr","locations":[{"start":{"line":649,"column":8},"end":{"line":649,"column":30}},{"start":{"line":649,"column":34},"end":{"line":649,"column":65}}]}},"s":{"0":2,"1":2,"2":2,"3":2,"4":2,"5":2,"6":2,"7":2,"8":2,"9":3,"10":3,"11":3,"12":3,"13":3,"14":3,"15":3,"16":3,"17":3,"18":3,"19":3,"20":3,"21":3,"22":3,"23":3,"24":3,"25":3,"26":2,"27":3,"28":1,"29":3,"30":3,"31":3,"32":3,"33":3,"34":3,"35":3,"36":2,"37":3,"38":1,"39":3,"40":1,"41":1,"42":3,"43":1,"44":1,"45":3,"46":2,"47":3,"48":3,"49":3,"50":3,"51":2,"52":3,"53":1,"54":3,"55":1,"56":1,"57":3,"58":1,"59":1,"60":3,"61":2,"62":3,"63":2,"64":3,"65":3,"66":3,"67":2,"68":3,"69":1,"70":3,"71":1,"72":3,"73":1,"74":3,"75":2,"76":2,"77":1,"78":2,"79":1,"80":3,"81":3,"82":2,"83":3,"84":1,"85":1,"86":3,"87":2,"88":0,"89":0,"90":0,"91":0,"92":3,"93":1,"94":0,"95":0,"96":0,"97":0,"98":3,"99":1,"100":0,"101":0,"102":0,"103":0,"104":3,"105":0,"106":0,"107":0,"108":0,"109":3,"110":0,"111":0,"112":0,"113":0,"114":3,"115":2,"116":0,"117":0,"118":0,"119":0,"120":3,"121":0,"122":2,"123":4,"124":2,"125":2,"126":2,"127":4,"128":2,"129":2,"130":2,"131":2,"132":2,"133":4,"134":3,"135":3,"136":3,"137":3,"138":4,"139":1,"140":1,"141":1,"142":2,"143":4,"144":2,"145":2,"146":2,"147":2,"148":4,"149":4,"150":4,"151":4,"152":2,"153":4,"154":4,"155":4,"156":4,"157":4,"158":1,"159":4,"160":1,"161":4,"162":3,"163":3,"164":4,"165":2,"166":2,"167":4,"168":3,"169":4,"170":4,"171":2,"172":4,"173":1,"174":4,"175":1,"176":4,"177":3,"178":3,"179":2,"180":4,"181":4,"182":4,"183":4,"184":1,"185":4,"186":3,"187":3,"188":4,"189":4,"190":3,"191":4,"192":1,"193":4,"194":3,"195":3,"196":2,"197":4,"198":4,"199":4,"200":4,"201":3,"202":4,"203":1,"204":4,"205":3,"206":3,"207":2,"208":4,"209":4,"210":3,"211":2,"212":6,"213":6,"214":1,"215":1,"216":1,"217":1,"218":6,"219":3,"220":3,"221":3,"222":3,"223":3,"224":3,"225":3,"226":6,"227":1,"228":1,"229":1,"230":6,"231":1,"232":1,"233":1,"234":1,"235":1,"236":2,"237":6,"238":6,"239":6,"240":4,"241":4,"242":4,"243":4,"244":0,"245":0,"246":0,"247":0,"248":6,"249":2,"250":6,"251":2,"252":6,"253":2,"254":2,"255":2,"256":2,"257":5,"258":5,"259":5,"260":3,"261":5,"262":5,"263":3,"264":5,"265":5,"266":3,"267":5,"268":5,"269":5,"270":3,"271":3,"272":5,"273":5,"274":5,"275":3,"276":3,"277":5,"278":5,"279":3,"280":5,"281":0,"282":0,"283":0,"284":0,"285":5,"286":0,"287":0,"288":0,"289":0,"290":2,"291":2,"292":2,"293":2,"294":2,"295":2,"296":2,"297":2,"298":2,"299":2,"300":2,"301":2,"302":2,"303":2,"304":2,"305":2,"306":2,"307":2,"308":2,"309":2,"310":2,"311":2,"312":2,"313":2,"314":2,"315":2,"316":2,"317":0,"318":0,"319":0,"320":0,"321":2,"322":66,"323":2,"324":66,"325":2,"326":15,"327":8,"328":8,"329":15,"330":7,"331":7,"332":15,"333":2,"334":10,"335":10,"336":10,"337":8,"338":2,"339":17,"340":17,"341":17,"342":13,"343":2,"344":19,"345":19,"346":19,"347":14,"348":2,"349":0,"350":2,"351":0,"352":2,"353":0,"354":2,"355":0,"356":0,"357":0,"358":0,"359":0,"360":0,"361":0,"362":0,"363":0,"364":2,"365":0,"366":0,"367":0,"368":0,"369":0,"370":0,"371":0,"372":0,"373":0,"374":0,"375":0,"376":2,"377":81,"378":2,"379":2},"f":{"0":2,"1":3,"2":3,"3":0,"4":0,"5":0,"6":0,"7":0,"8":0,"9":0,"10":4,"11":4,"12":4,"13":4,"14":4,"15":4,"16":4,"17":6,"18":6,"19":0,"20":5,"21":0,"22":0,"23":2,"24":0,"25":66,"26":66,"27":15,"28":10,"29":17,"30":19,"31":0,"32":0,"33":0,"34":0,"35":0,"36":81},"b":{"0":[3,3],"1":[2,1],"2":[1,2],"3":[2,1],"4":[1,2],"5":[3,2],"6":[1,2],"7":[1,2],"8":[3,1],"9":[2,1],"10":[2,1],"11":[1,2],"12":[3,2],"13":[1,2],"14":[1,2],"15":[3,1],"16":[2,1],"17":[2,1],"18":[1,2],"19":[3,2],"20":[1,2],"21":[1,2],"22":[3,1],"23":[2,1],"24":[1,1],"25":[1,1],"26":[2,1],"27":[1,2],"28":[2,1],"29":[0,0],"30":[1,2],"31":[0,0],"32":[1,2],"33":[0,0],"34":[0,0],"35":[0,0],"36":[2,1],"37":[0,0],"38":[2,2],"39":[2,2],"40":[3,1],"41":[1,3],"42":[2,2],"43":[4,0],"44":[1,3],"45":[1,3],"46":[4,1],"47":[3,1],"48":[2,2],"49":[4,3],"50":[3,1],"51":[2,2],"52":[4,3],"53":[1,3],"54":[4,3],"55":[1,3],"56":[3,1],"57":[1,3],"58":[3,1],"59":[3,1],"60":[1,3],"61":[3,1],"62":[3,1],"63":[1,3],"64":[3,1],"65":[3,1],"66":[1,5],"67":[6,4],"68":[3,3],"69":[6,4],"70":[1,5],"71":[6,2],"72":[1,5],"73":[6,2],"74":[4,2],"75":[0,0],"76":[2,4],"77":[6,4],"78":[2,4],"79":[6,4],"80":[2,4],"81":[3,2],"82":[3,2],"83":[3,2],"84":[3,2],"85":[3,2],"86":[3,2],"87":[0,0],"88":[0,0],"89":[2,0],"90":[2,0],"91":[2,0],"92":[2,0],"93":[2,0],"94":[2,0],"95":[0,0],"96":[8,7],"97":[7,8],"98":[8,2],"99":[13,4],"100":[14,5],"101":[0,0],"102":[0,0],"103":[0,0],"104":[0,0],"105":[0,0],"106":[0,0],"107":[0,0],"108":[0,0],"109":[0,0],"110":[0,0]}}
,"C:\\Users\\Евгений\\Desktop\\jquery-slider-plugin\\src\\observer\\Observer.ts": {"path":"C:\\Users\\Евгений\\Desktop\\jquery-slider-plugin\\src\\observer\\Observer.ts","statementMap":{"0":{"start":{"line":6,"column":0},"end":{"line":6,"column":null}},"1":{"start":{"line":9,"column":4},"end":{"line":9,"column":24}},"2":{"start":{"line":12,"column":9},"end":{"line":14,"column":null}},"3":{"start":{"line":13,"column":4},"end":{"line":13,"column":28}},"4":{"start":{"line":16,"column":9},"end":{"line":20,"column":null}},"5":{"start":{"line":17,"column":4},"end":{"line":19,"column":null}},"6":{"start":{"line":18,"column":6},"end":{"line":18,"column":63}},"7":{"start":{"line":18,"column":45},"end":{"line":18,"column":62}},"8":{"start":{"line":21,"column":0},"end":{"line":21,"column":null}},"9":{"start":{"line":24,"column":2},"end":{"line":24,"column":10}}},"fnMap":{"0":{"name":"(anonymous_0)","decl":{"start":{"line":6,"column":0},"end":{"line":6,"column":null}},"loc":{"start":{"line":6,"column":0},"end":{"line":21,"column":null}}},"1":{"name":"Observer","decl":{"start":{"line":8,"column":2},"end":{"line":8,"column":null}},"loc":{"start":{"line":8,"column":2},"end":{"line":10,"column":3}}},"2":{"name":"(anonymous_2)","decl":{"start":{"line":12,"column":2},"end":{"line":12,"column":9}},"loc":{"start":{"line":12,"column":43},"end":{"line":14,"column":3}}},"3":{"name":"(anonymous_3)","decl":{"start":{"line":16,"column":2},"end":{"line":16,"column":9}},"loc":{"start":{"line":16,"column":29},"end":{"line":20,"column":3}}},"4":{"name":"(anonymous_4)","decl":{"start":{"line":18,"column":29},"end":{"line":18,"column":30}},"loc":{"start":{"line":18,"column":40},"end":{"line":18,"column":55}}}},"branchMap":{"0":{"loc":{"start":{"line":17,"column":4},"end":{"line":19,"column":null}},"type":"if","locations":[{"start":{"line":17,"column":4},"end":{"line":19,"column":null}},{"start":{"line":17,"column":4},"end":{"line":19,"column":null}}]}},"s":{"0":7,"1":56,"2":7,"3":38,"4":7,"5":47,"6":29,"7":29,"8":7,"9":7},"f":{"0":7,"1":56,"2":38,"3":47,"4":29},"b":{"0":[29,18]}}
}
