{"C:\\Users\\Евгений\\Desktop\\jquery-slider-plugin\\src\\components\\scale\\Scale.ts": {"path":"C:\\Users\\Евгений\\Desktop\\jquery-slider-plugin\\src\\components\\scale\\Scale.ts","statementMap":{"0":{"start":{"line":1,"column":0},"end":{"line":1,"column":51}},"1":{"start":{"line":3,"column":0},"end":{"line":3,"column":22}},"2":{"start":{"line":5,"column":0},"end":{"line":5,"column":null}},"3":{"start":{"line":5,"column":20},"end":{"line":5,"column":28}},"4":{"start":{"line":10,"column":4},"end":{"line":10,"column":null}},"5":{"start":{"line":11,"column":4},"end":{"line":11,"column":35}},"6":{"start":{"line":12,"column":4},"end":{"line":17,"column":7}},"7":{"start":{"line":15,"column":36},"end":{"line":15,"column":null}},"8":{"start":{"line":20,"column":9},"end":{"line":22,"column":null}},"9":{"start":{"line":21,"column":4},"end":{"line":21,"column":23}},"10":{"start":{"line":24,"column":9},"end":{"line":28,"column":null}},"11":{"start":{"line":25,"column":4},"end":{"line":25,"column":57}},"12":{"start":{"line":26,"column":4},"end":{"line":26,"column":35}},"13":{"start":{"line":27,"column":4},"end":{"line":27,"column":54}},"14":{"start":{"line":30,"column":10},"end":{"line":36,"column":null}},"15":{"start":{"line":31,"column":4},"end":{"line":35,"column":null}},"16":{"start":{"line":32,"column":6},"end":{"line":32,"column":61}},"17":{"start":{"line":33,"column":11},"end":{"line":35,"column":null}},"18":{"start":{"line":34,"column":6},"end":{"line":34,"column":61}},"19":{"start":{"line":38,"column":9},"end":{"line":42,"column":null}},"20":{"start":{"line":39,"column":4},"end":{"line":41,"column":6}},"21":{"start":{"line":43,"column":0},"end":{"line":43,"column":null}},"22":{"start":{"line":46,"column":2},"end":{"line":46,"column":7}}},"fnMap":{"0":{"name":"(anonymous_6)","decl":{"start":{"line":5,"column":0},"end":{"line":5,"column":20}},"loc":{"start":{"line":5,"column":0},"end":{"line":43,"column":null}}},"1":{"name":"Scale","decl":{"start":{"line":9,"column":2},"end":{"line":9,"column":14}},"loc":{"start":{"line":9,"column":52},"end":{"line":18,"column":3}}},"2":{"name":"(anonymous_8)","decl":{"start":{"line":15,"column":15},"end":{"line":15,"column":16}},"loc":{"start":{"line":15,"column":31},"end":{"line":15,"column":40}}},"3":{"name":"(anonymous_9)","decl":{"start":{"line":20,"column":2},"end":{"line":20,"column":9}},"loc":{"start":{"line":20,"column":2},"end":{"line":22,"column":3}}},"4":{"name":"(anonymous_10)","decl":{"start":{"line":24,"column":2},"end":{"line":24,"column":9}},"loc":{"start":{"line":24,"column":65},"end":{"line":28,"column":3}}},"5":{"name":"(anonymous_11)","decl":{"start":{"line":30,"column":2},"end":{"line":30,"column":10}},"loc":{"start":{"line":30,"column":42},"end":{"line":36,"column":3}}},"6":{"name":"(anonymous_12)","decl":{"start":{"line":38,"column":2},"end":{"line":38,"column":9}},"loc":{"start":{"line":38,"column":2},"end":{"line":42,"column":3}}}},"branchMap":{"0":{"loc":{"start":{"line":10,"column":4},"end":{"line":10,"column":11}},"type":"binary-expr","locations":[{"start":{"line":10,"column":4},"end":{"line":10,"column":11}},{"start":{"line":10,"column":11},"end":{"line":10,"column":null}}]},"1":{"loc":{"start":{"line":31,"column":4},"end":{"line":35,"column":null}},"type":"if","locations":[{"start":{"line":31,"column":4},"end":{"line":35,"column":null}},{"start":{"line":31,"column":4},"end":{"line":35,"column":null}}]},"2":{"loc":{"start":{"line":33,"column":11},"end":{"line":35,"column":null}},"type":"if","locations":[{"start":{"line":33,"column":11},"end":{"line":35,"column":null}},{"start":{"line":33,"column":11},"end":{"line":35,"column":null}}]}},"s":{"0":1,"1":1,"2":1,"3":1,"4":1,"5":1,"6":1,"7":1,"8":1,"9":3,"10":1,"11":1,"12":1,"13":1,"14":1,"15":1,"16":0,"17":1,"18":1,"19":1,"20":1,"21":1,"22":1},"f":{"0":1,"1":1,"2":1,"3":3,"4":1,"5":1,"6":1},"b":{"0":[1,1],"1":[0,1],"2":[1,0]}}
,"C:\\Users\\Евгений\\Desktop\\jquery-slider-plugin\\src\\components\\slider\\Slider.ts": {"path":"C:\\Users\\Евгений\\Desktop\\jquery-slider-plugin\\src\\components\\slider\\Slider.ts","statementMap":{"0":{"start":{"line":1,"column":0},"end":{"line":1,"column":23}},"1":{"start":{"line":3,"column":0},"end":{"line":3,"column":null}},"2":{"start":{"line":7,"column":4},"end":{"line":9,"column":7}},"3":{"start":{"line":12,"column":9},"end":{"line":14,"column":null}},"4":{"start":{"line":13,"column":4},"end":{"line":13,"column":24}},"5":{"start":{"line":15,"column":0},"end":{"line":15,"column":null}},"6":{"start":{"line":18,"column":2},"end":{"line":18,"column":8}}},"fnMap":{"0":{"name":"(anonymous_0)","decl":{"start":{"line":3,"column":0},"end":{"line":3,"column":null}},"loc":{"start":{"line":3,"column":0},"end":{"line":15,"column":null}}},"1":{"name":"Slider","decl":{"start":{"line":6,"column":2},"end":{"line":6,"column":14}},"loc":{"start":{"line":6,"column":52},"end":{"line":10,"column":3}}},"2":{"name":"(anonymous_2)","decl":{"start":{"line":12,"column":2},"end":{"line":12,"column":9}},"loc":{"start":{"line":12,"column":2},"end":{"line":14,"column":3}}}},"branchMap":{},"s":{"0":1,"1":1,"2":1,"3":1,"4":1,"5":1,"6":1},"f":{"0":1,"1":1,"2":1},"b":{}}
,"C:\\Users\\Евгений\\Desktop\\jquery-slider-plugin\\src\\mvp\\Model.ts": {"path":"C:\\Users\\Евгений\\Desktop\\jquery-slider-plugin\\src\\mvp\\Model.ts","statementMap":{"0":{"start":{"line":1,"column":0},"end":{"line":1,"column":48}},"1":{"start":{"line":5,"column":0},"end":{"line":5,"column":null}},"2":{"start":{"line":5,"column":20},"end":{"line":5,"column":28}},"3":{"start":{"line":15,"column":15},"end":{"line":15,"column":null}},"4":{"start":{"line":16,"column":12},"end":{"line":16,"column":null}},"5":{"start":{"line":17,"column":12},"end":{"line":17,"column":null}},"6":{"start":{"line":18,"column":16},"end":{"line":18,"column":null}},"7":{"start":{"line":19,"column":8},"end":{"line":19,"column":null}},"8":{"start":{"line":20,"column":21},"end":{"line":20,"column":null}},"9":{"start":{"line":21,"column":21},"end":{"line":21,"column":null}},"10":{"start":{"line":23,"column":4},"end":{"line":23,"column":null}},"11":{"start":{"line":24,"column":4},"end":{"line":24,"column":35}},"12":{"start":{"line":25,"column":4},"end":{"line":25,"column":29}},"13":{"start":{"line":26,"column":4},"end":{"line":26,"column":29}},"14":{"start":{"line":27,"column":4},"end":{"line":27,"column":37}},"15":{"start":{"line":28,"column":4},"end":{"line":28,"column":21}},"16":{"start":{"line":29,"column":4},"end":{"line":29,"column":47}},"17":{"start":{"line":30,"column":4},"end":{"line":30,"column":47}},"18":{"start":{"line":33,"column":9},"end":{"line":43,"column":null}},"19":{"start":{"line":34,"column":32},"end":{"line":35,"column":38}},"20":{"start":{"line":36,"column":4},"end":{"line":42,"column":null}},"21":{"start":{"line":37,"column":6},"end":{"line":37,"column":78}},"22":{"start":{"line":38,"column":6},"end":{"line":38,"column":82}},"23":{"start":{"line":39,"column":6},"end":{"line":41,"column":null}},"24":{"start":{"line":40,"column":8},"end":{"line":40,"column":39}},"25":{"start":{"line":45,"column":9},"end":{"line":62,"column":null}},"26":{"start":{"line":46,"column":4},"end":{"line":53,"column":null}},"27":{"start":{"line":47,"column":37},"end":{"line":48,"column":43}},"28":{"start":{"line":49,"column":6},"end":{"line":52,"column":null}},"29":{"start":{"line":50,"column":8},"end":{"line":50,"column":83}},"30":{"start":{"line":51,"column":8},"end":{"line":51,"column":87}},"31":{"start":{"line":54,"column":4},"end":{"line":61,"column":null}},"32":{"start":{"line":55,"column":37},"end":{"line":56,"column":50}},"33":{"start":{"line":57,"column":6},"end":{"line":60,"column":null}},"34":{"start":{"line":58,"column":8},"end":{"line":58,"column":83}},"35":{"start":{"line":59,"column":8},"end":{"line":59,"column":87}},"36":{"start":{"line":64,"column":9},"end":{"line":71,"column":null}},"37":{"start":{"line":65,"column":35},"end":{"line":66,"column":39}},"38":{"start":{"line":67,"column":4},"end":{"line":70,"column":null}},"39":{"start":{"line":68,"column":6},"end":{"line":68,"column":81}},"40":{"start":{"line":69,"column":6},"end":{"line":69,"column":85}},"41":{"start":{"line":73,"column":9},"end":{"line":75,"column":null}},"42":{"start":{"line":74,"column":4},"end":{"line":74,"column":29}},"43":{"start":{"line":77,"column":9},"end":{"line":80,"column":null}},"44":{"start":{"line":78,"column":4},"end":{"line":78,"column":35}},"45":{"start":{"line":79,"column":4},"end":{"line":79,"column":75}},"46":{"start":{"line":82,"column":9},"end":{"line":87,"column":null}},"47":{"start":{"line":83,"column":4},"end":{"line":86,"column":null}},"48":{"start":{"line":84,"column":6},"end":{"line":84,"column":31}},"49":{"start":{"line":85,"column":6},"end":{"line":85,"column":71}},"50":{"start":{"line":89,"column":9},"end":{"line":91,"column":null}},"51":{"start":{"line":90,"column":4},"end":{"line":90,"column":25}},"52":{"start":{"line":93,"column":9},"end":{"line":106,"column":null}},"53":{"start":{"line":94,"column":4},"end":{"line":99,"column":null}},"54":{"start":{"line":95,"column":6},"end":{"line":98,"column":null}},"55":{"start":{"line":96,"column":8},"end":{"line":96,"column":33}},"56":{"start":{"line":97,"column":8},"end":{"line":97,"column":73}},"57":{"start":{"line":100,"column":4},"end":{"line":105,"column":null}},"58":{"start":{"line":101,"column":6},"end":{"line":104,"column":null}},"59":{"start":{"line":102,"column":8},"end":{"line":102,"column":33}},"60":{"start":{"line":103,"column":8},"end":{"line":103,"column":73}},"61":{"start":{"line":108,"column":9},"end":{"line":110,"column":null}},"62":{"start":{"line":109,"column":4},"end":{"line":109,"column":25}},"63":{"start":{"line":112,"column":9},"end":{"line":117,"column":null}},"64":{"start":{"line":113,"column":4},"end":{"line":116,"column":null}},"65":{"start":{"line":114,"column":6},"end":{"line":114,"column":23}},"66":{"start":{"line":115,"column":6},"end":{"line":115,"column":63}},"67":{"start":{"line":119,"column":9},"end":{"line":121,"column":null}},"68":{"start":{"line":120,"column":4},"end":{"line":120,"column":21}},"69":{"start":{"line":123,"column":9},"end":{"line":126,"column":null}},"70":{"start":{"line":124,"column":4},"end":{"line":124,"column":47}},"71":{"start":{"line":125,"column":4},"end":{"line":125,"column":87}},"72":{"start":{"line":128,"column":9},"end":{"line":131,"column":null}},"73":{"start":{"line":129,"column":4},"end":{"line":129,"column":47}},"74":{"start":{"line":130,"column":4},"end":{"line":130,"column":87}},"75":{"start":{"line":133,"column":9},"end":{"line":143,"column":null}},"76":{"start":{"line":134,"column":4},"end":{"line":142,"column":6}},"77":{"start":{"line":144,"column":0},"end":{"line":144,"column":null}},"78":{"start":{"line":147,"column":2},"end":{"line":147,"column":7}}},"fnMap":{"0":{"name":"(anonymous_6)","decl":{"start":{"line":5,"column":0},"end":{"line":5,"column":20}},"loc":{"start":{"line":5,"column":0},"end":{"line":144,"column":null}}},"1":{"name":"Model","decl":{"start":{"line":14,"column":2},"end":{"line":14,"column":14}},"loc":{"start":{"line":22,"column":18},"end":{"line":31,"column":3}}},"2":{"name":"(anonymous_8)","decl":{"start":{"line":33,"column":2},"end":{"line":33,"column":9}},"loc":{"start":{"line":33,"column":45},"end":{"line":43,"column":3}}},"3":{"name":"(anonymous_9)","decl":{"start":{"line":45,"column":2},"end":{"line":45,"column":9}},"loc":{"start":{"line":45,"column":51},"end":{"line":62,"column":3}}},"4":{"name":"(anonymous_10)","decl":{"start":{"line":64,"column":2},"end":{"line":64,"column":9}},"loc":{"start":{"line":64,"column":51},"end":{"line":71,"column":3}}},"5":{"name":"(anonymous_11)","decl":{"start":{"line":73,"column":2},"end":{"line":73,"column":9}},"loc":{"start":{"line":73,"column":2},"end":{"line":75,"column":3}}},"6":{"name":"(anonymous_12)","decl":{"start":{"line":77,"column":2},"end":{"line":77,"column":9}},"loc":{"start":{"line":77,"column":62},"end":{"line":80,"column":3}}},"7":{"name":"(anonymous_13)","decl":{"start":{"line":82,"column":2},"end":{"line":82,"column":9}},"loc":{"start":{"line":82,"column":37},"end":{"line":87,"column":3}}},"8":{"name":"(anonymous_14)","decl":{"start":{"line":89,"column":2},"end":{"line":89,"column":9}},"loc":{"start":{"line":89,"column":2},"end":{"line":91,"column":3}}},"9":{"name":"(anonymous_15)","decl":{"start":{"line":93,"column":2},"end":{"line":93,"column":9}},"loc":{"start":{"line":93,"column":37},"end":{"line":106,"column":3}}},"10":{"name":"(anonymous_16)","decl":{"start":{"line":108,"column":2},"end":{"line":108,"column":9}},"loc":{"start":{"line":108,"column":2},"end":{"line":110,"column":3}}},"11":{"name":"(anonymous_17)","decl":{"start":{"line":112,"column":2},"end":{"line":112,"column":9}},"loc":{"start":{"line":112,"column":29},"end":{"line":117,"column":3}}},"12":{"name":"(anonymous_18)","decl":{"start":{"line":119,"column":2},"end":{"line":119,"column":9}},"loc":{"start":{"line":119,"column":2},"end":{"line":121,"column":3}}},"13":{"name":"(anonymous_19)","decl":{"start":{"line":123,"column":2},"end":{"line":123,"column":9}},"loc":{"start":{"line":123,"column":56},"end":{"line":126,"column":3}}},"14":{"name":"(anonymous_20)","decl":{"start":{"line":128,"column":2},"end":{"line":128,"column":9}},"loc":{"start":{"line":128,"column":56},"end":{"line":131,"column":3}}},"15":{"name":"(anonymous_21)","decl":{"start":{"line":133,"column":2},"end":{"line":133,"column":9}},"loc":{"start":{"line":133,"column":2},"end":{"line":143,"column":3}}}},"branchMap":{"0":{"loc":{"start":{"line":23,"column":4},"end":{"line":23,"column":11}},"type":"binary-expr","locations":[{"start":{"line":23,"column":4},"end":{"line":23,"column":11}},{"start":{"line":23,"column":11},"end":{"line":23,"column":null}}]},"1":{"loc":{"start":{"line":34,"column":32},"end":{"line":34,"column":61}},"type":"binary-expr","locations":[{"start":{"line":34,"column":32},"end":{"line":34,"column":61}},{"start":{"line":35,"column":9},"end":{"line":35,"column":38}}]},"2":{"loc":{"start":{"line":36,"column":4},"end":{"line":42,"column":null}},"type":"if","locations":[{"start":{"line":36,"column":4},"end":{"line":42,"column":null}},{"start":{"line":36,"column":4},"end":{"line":42,"column":null}}]},"3":{"loc":{"start":{"line":39,"column":6},"end":{"line":41,"column":null}},"type":"if","locations":[{"start":{"line":39,"column":6},"end":{"line":41,"column":null}},{"start":{"line":39,"column":6},"end":{"line":41,"column":null}}]},"4":{"loc":{"start":{"line":46,"column":4},"end":{"line":53,"column":null}},"type":"if","locations":[{"start":{"line":46,"column":4},"end":{"line":53,"column":null}},{"start":{"line":46,"column":4},"end":{"line":53,"column":null}}]},"5":{"loc":{"start":{"line":47,"column":37},"end":{"line":47,"column":69}},"type":"binary-expr","locations":[{"start":{"line":47,"column":37},"end":{"line":47,"column":69}},{"start":{"line":48,"column":11},"end":{"line":48,"column":43}}]},"6":{"loc":{"start":{"line":49,"column":6},"end":{"line":52,"column":null}},"type":"if","locations":[{"start":{"line":49,"column":6},"end":{"line":52,"column":null}},{"start":{"line":49,"column":6},"end":{"line":52,"column":null}}]},"7":{"loc":{"start":{"line":54,"column":4},"end":{"line":61,"column":null}},"type":"if","locations":[{"start":{"line":54,"column":4},"end":{"line":61,"column":null}},{"start":{"line":54,"column":4},"end":{"line":61,"column":null}}]},"8":{"loc":{"start":{"line":55,"column":37},"end":{"line":55,"column":69}},"type":"binary-expr","locations":[{"start":{"line":55,"column":37},"end":{"line":55,"column":69}},{"start":{"line":56,"column":11},"end":{"line":56,"column":50}}]},"9":{"loc":{"start":{"line":57,"column":6},"end":{"line":60,"column":null}},"type":"if","locations":[{"start":{"line":57,"column":6},"end":{"line":60,"column":null}},{"start":{"line":57,"column":6},"end":{"line":60,"column":null}}]},"10":{"loc":{"start":{"line":65,"column":35},"end":{"line":65,"column":73}},"type":"binary-expr","locations":[{"start":{"line":65,"column":35},"end":{"line":65,"column":73}},{"start":{"line":66,"column":7},"end":{"line":66,"column":39}}]},"11":{"loc":{"start":{"line":67,"column":4},"end":{"line":70,"column":null}},"type":"if","locations":[{"start":{"line":67,"column":4},"end":{"line":70,"column":null}},{"start":{"line":67,"column":4},"end":{"line":70,"column":null}}]},"12":{"loc":{"start":{"line":83,"column":4},"end":{"line":86,"column":null}},"type":"if","locations":[{"start":{"line":83,"column":4},"end":{"line":86,"column":null}},{"start":{"line":83,"column":4},"end":{"line":86,"column":null}}]},"13":{"loc":{"start":{"line":94,"column":4},"end":{"line":99,"column":null}},"type":"if","locations":[{"start":{"line":94,"column":4},"end":{"line":99,"column":null}},{"start":{"line":94,"column":4},"end":{"line":99,"column":null}}]},"14":{"loc":{"start":{"line":95,"column":6},"end":{"line":98,"column":null}},"type":"if","locations":[{"start":{"line":95,"column":6},"end":{"line":98,"column":null}},{"start":{"line":95,"column":6},"end":{"line":98,"column":null}}]},"15":{"loc":{"start":{"line":100,"column":4},"end":{"line":105,"column":null}},"type":"if","locations":[{"start":{"line":100,"column":4},"end":{"line":105,"column":null}},{"start":{"line":100,"column":4},"end":{"line":105,"column":null}}]},"16":{"loc":{"start":{"line":101,"column":6},"end":{"line":104,"column":null}},"type":"if","locations":[{"start":{"line":101,"column":6},"end":{"line":104,"column":null}},{"start":{"line":101,"column":6},"end":{"line":104,"column":null}}]},"17":{"loc":{"start":{"line":113,"column":4},"end":{"line":116,"column":null}},"type":"if","locations":[{"start":{"line":113,"column":4},"end":{"line":116,"column":null}},{"start":{"line":113,"column":4},"end":{"line":116,"column":null}}]}},"s":{"0":1,"1":1,"2":1,"3":1,"4":1,"5":1,"6":1,"7":1,"8":1,"9":1,"10":1,"11":1,"12":1,"13":1,"14":1,"15":1,"16":1,"17":1,"18":1,"19":5,"20":5,"21":3,"22":3,"23":3,"24":2,"25":1,"26":4,"27":2,"28":2,"29":1,"30":1,"31":4,"32":2,"33":2,"34":1,"35":1,"36":1,"37":4,"38":4,"39":3,"40":3,"41":1,"42":0,"43":1,"44":2,"45":2,"46":1,"47":2,"48":1,"49":1,"50":1,"51":0,"52":1,"53":4,"54":2,"55":1,"56":1,"57":4,"58":2,"59":1,"60":1,"61":1,"62":0,"63":1,"64":2,"65":1,"66":1,"67":1,"68":0,"69":1,"70":2,"71":2,"72":1,"73":2,"74":2,"75":1,"76":25,"77":1,"78":1},"f":{"0":1,"1":1,"2":5,"3":4,"4":4,"5":0,"6":2,"7":2,"8":0,"9":4,"10":0,"11":2,"12":0,"13":2,"14":2,"15":25},"b":{"0":[1,1],"1":[5,4],"2":[3,2],"3":[2,1],"4":[2,2],"5":[2,1],"6":[1,1],"7":[2,2],"8":[2,1],"9":[1,1],"10":[4,4],"11":[3,1],"12":[1,1],"13":[2,2],"14":[1,1],"15":[2,2],"16":[1,1],"17":[1,1]}}
,"C:\\Users\\Евгений\\Desktop\\jquery-slider-plugin\\src\\observer\\Observer.ts": {"path":"C:\\Users\\Евгений\\Desktop\\jquery-slider-plugin\\src\\observer\\Observer.ts","statementMap":{"0":{"start":{"line":6,"column":0},"end":{"line":6,"column":null}},"1":{"start":{"line":9,"column":4},"end":{"line":9,"column":24}},"2":{"start":{"line":12,"column":9},"end":{"line":14,"column":null}},"3":{"start":{"line":13,"column":4},"end":{"line":13,"column":28}},"4":{"start":{"line":16,"column":9},"end":{"line":20,"column":null}},"5":{"start":{"line":17,"column":4},"end":{"line":19,"column":null}},"6":{"start":{"line":18,"column":6},"end":{"line":18,"column":63}},"7":{"start":{"line":18,"column":45},"end":{"line":18,"column":62}},"8":{"start":{"line":21,"column":0},"end":{"line":21,"column":null}},"9":{"start":{"line":24,"column":2},"end":{"line":24,"column":10}}},"fnMap":{"0":{"name":"(anonymous_0)","decl":{"start":{"line":6,"column":0},"end":{"line":6,"column":null}},"loc":{"start":{"line":6,"column":0},"end":{"line":21,"column":null}}},"1":{"name":"Observer","decl":{"start":{"line":8,"column":2},"end":{"line":8,"column":null}},"loc":{"start":{"line":8,"column":2},"end":{"line":10,"column":3}}},"2":{"name":"(anonymous_2)","decl":{"start":{"line":12,"column":2},"end":{"line":12,"column":9}},"loc":{"start":{"line":12,"column":43},"end":{"line":14,"column":3}}},"3":{"name":"(anonymous_3)","decl":{"start":{"line":16,"column":2},"end":{"line":16,"column":9}},"loc":{"start":{"line":16,"column":29},"end":{"line":20,"column":3}}},"4":{"name":"(anonymous_4)","decl":{"start":{"line":18,"column":29},"end":{"line":18,"column":30}},"loc":{"start":{"line":18,"column":40},"end":{"line":18,"column":55}}}},"branchMap":{"0":{"loc":{"start":{"line":17,"column":4},"end":{"line":19,"column":null}},"type":"if","locations":[{"start":{"line":17,"column":4},"end":{"line":19,"column":null}},{"start":{"line":17,"column":4},"end":{"line":19,"column":null}}]}},"s":{"0":2,"1":2,"2":2,"3":1,"4":2,"5":19,"6":1,"7":1,"8":2,"9":2},"f":{"0":2,"1":2,"2":1,"3":19,"4":1},"b":{"0":[1,18]}}
}
