TN:
SF:src\components\scale\Scale.ts
FN:5,(anonymous_6)
FN:9,Scale
FN:15,(anonymous_8)
FN:20,(anonymous_9)
FN:24,(anonymous_10)
FN:30,(anonymous_11)
FN:38,(anonymous_12)
FNF:7
FNH:7
FNDA:1,(anonymous_6)
FNDA:1,Scale
FNDA:1,(anonymous_8)
FNDA:3,(anonymous_9)
FNDA:1,(anonymous_10)
FNDA:1,(anonymous_11)
FNDA:1,(anonymous_12)
DA:1,1
DA:3,1
DA:5,1
DA:10,1
DA:11,1
DA:12,1
DA:15,1
DA:20,1
DA:21,3
DA:24,1
DA:25,1
DA:26,1
DA:27,1
DA:30,1
DA:31,1
DA:32,0
DA:33,1
DA:34,1
DA:38,1
DA:39,1
DA:43,1
DA:46,1
LF:22
LH:21
BRDA:10,0,0,1
BRDA:10,0,1,1
BRDA:31,1,0,0
BRDA:31,1,1,1
BRDA:33,2,0,1
BRDA:33,2,1,0
BRF:6
BRH:4
end_of_record
TN:
SF:src\components\slider\Slider.ts
FN:3,(anonymous_0)
FN:6,Slider
FN:12,(anonymous_2)
FNF:3
FNH:3
FNDA:1,(anonymous_0)
FNDA:1,Slider
FNDA:1,(anonymous_2)
DA:1,1
DA:3,1
DA:7,1
DA:12,1
DA:13,1
DA:15,1
DA:18,1
LF:7
LH:7
BRF:0
BRH:0
end_of_record
TN:
SF:src\mvp\Model.ts
FN:5,(anonymous_6)
FN:14,Model
FN:33,(anonymous_8)
FN:45,(anonymous_9)
FN:64,(anonymous_10)
FN:73,(anonymous_11)
FN:77,(anonymous_12)
FN:82,(anonymous_13)
FN:89,(anonymous_14)
FN:93,(anonymous_15)
FN:108,(anonymous_16)
FN:112,(anonymous_17)
FN:119,(anonymous_18)
FN:123,(anonymous_19)
FN:128,(anonymous_20)
FN:133,(anonymous_21)
FNF:16
FNH:12
FNDA:1,(anonymous_6)
FNDA:1,Model
FNDA:5,(anonymous_8)
FNDA:4,(anonymous_9)
FNDA:4,(anonymous_10)
FNDA:0,(anonymous_11)
FNDA:2,(anonymous_12)
FNDA:2,(anonymous_13)
FNDA:0,(anonymous_14)
FNDA:4,(anonymous_15)
FNDA:0,(anonymous_16)
FNDA:2,(anonymous_17)
FNDA:0,(anonymous_18)
FNDA:2,(anonymous_19)
FNDA:2,(anonymous_20)
FNDA:25,(anonymous_21)
DA:1,1
DA:5,1
DA:15,1
DA:16,1
DA:17,1
DA:18,1
DA:19,1
DA:20,1
DA:21,1
DA:23,1
DA:24,1
DA:25,1
DA:26,1
DA:27,1
DA:28,1
DA:29,1
DA:30,1
DA:33,1
DA:34,5
DA:36,5
DA:37,3
DA:38,3
DA:39,3
DA:40,2
DA:45,1
DA:46,4
DA:47,2
DA:49,2
DA:50,1
DA:51,1
DA:54,4
DA:55,2
DA:57,2
DA:58,1
DA:59,1
DA:64,1
DA:65,4
DA:67,4
DA:68,3
DA:69,3
DA:73,1
DA:74,0
DA:77,1
DA:78,2
DA:79,2
DA:82,1
DA:83,2
DA:84,1
DA:85,1
DA:89,1
DA:90,0
DA:93,1
DA:94,4
DA:95,2
DA:96,1
DA:97,1
DA:100,4
DA:101,2
DA:102,1
DA:103,1
DA:108,1
DA:109,0
DA:112,1
DA:113,2
DA:114,1
DA:115,1
DA:119,1
DA:120,0
DA:123,1
DA:124,2
DA:125,2
DA:128,1
DA:129,2
DA:130,2
DA:133,1
DA:134,25
DA:144,1
DA:147,1
LF:78
LH:74
BRDA:23,0,0,1
BRDA:23,0,1,1
BRDA:34,1,0,5
BRDA:34,1,1,4
BRDA:36,2,0,3
BRDA:36,2,1,2
BRDA:39,3,0,2
BRDA:39,3,1,1
BRDA:46,4,0,2
BRDA:46,4,1,2
BRDA:47,5,0,2
BRDA:47,5,1,1
BRDA:49,6,0,1
BRDA:49,6,1,1
BRDA:54,7,0,2
BRDA:54,7,1,2
BRDA:55,8,0,2
BRDA:55,8,1,1
BRDA:57,9,0,1
BRDA:57,9,1,1
BRDA:65,10,0,4
BRDA:65,10,1,4
BRDA:67,11,0,3
BRDA:67,11,1,1
BRDA:83,12,0,1
BRDA:83,12,1,1
BRDA:94,13,0,2
BRDA:94,13,1,2
BRDA:95,14,0,1
BRDA:95,14,1,1
BRDA:100,15,0,2
BRDA:100,15,1,2
BRDA:101,16,0,1
BRDA:101,16,1,1
BRDA:113,17,0,1
BRDA:113,17,1,1
BRF:36
BRH:36
end_of_record
TN:
SF:src\observer\Observer.ts
FN:6,(anonymous_0)
FN:8,Observer
FN:12,(anonymous_2)
FN:16,(anonymous_3)
FN:18,(anonymous_4)
FNF:5
FNH:5
FNDA:2,(anonymous_0)
FNDA:2,Observer
FNDA:1,(anonymous_2)
FNDA:19,(anonymous_3)
FNDA:1,(anonymous_4)
DA:6,2
DA:9,2
DA:12,2
DA:13,1
DA:16,2
DA:17,19
DA:18,1
DA:21,2
DA:24,2
LF:9
LH:9
BRDA:17,0,0,1
BRDA:17,0,1,18
BRF:2
BRH:2
end_of_record
