TN:
SF:src\mvp\Model.ts
FN:5,(anonymous_6)
FN:14,Model
FN:33,(anonymous_8)
FN:40,(anonymous_9)
FN:48,(anonymous_10)
FN:56,(anonymous_11)
FN:61,(anonymous_12)
FN:67,(anonymous_13)
FN:75,(anonymous_14)
FN:80,(anonymous_15)
FN:85,(anonymous_16)
FN:91,(anonymous_17)
FNF:12
FNH:12
FNDA:1,(anonymous_6)
FNDA:2,Model
FNDA:2,(anonymous_8)
FNDA:2,(anonymous_9)
FNDA:2,(anonymous_10)
FNDA:2,(anonymous_11)
FNDA:4,(anonymous_12)
FNDA:4,(anonymous_13)
FNDA:2,(anonymous_14)
FNDA:2,(anonymous_15)
FNDA:2,(anonymous_16)
FNDA:22,(anonymous_17)
DA:1,1
DA:5,1
DA:15,2
DA:16,2
DA:17,2
DA:18,2
DA:19,2
DA:20,2
DA:21,2
DA:23,2
DA:24,2
DA:25,2
DA:26,2
DA:27,2
DA:28,2
DA:29,2
DA:30,2
DA:33,1
DA:34,2
DA:35,2
DA:36,1
DA:37,1
DA:40,1
DA:41,2
DA:43,2
DA:44,1
DA:45,1
DA:48,1
DA:49,2
DA:51,2
DA:52,1
DA:53,1
DA:56,1
DA:57,2
DA:58,2
DA:61,1
DA:62,4
DA:63,2
DA:64,2
DA:67,1
DA:68,4
DA:70,4
DA:71,2
DA:72,2
DA:75,1
DA:76,2
DA:77,2
DA:80,1
DA:81,2
DA:82,2
DA:85,1
DA:86,2
DA:87,2
DA:91,1
DA:92,22
DA:94,2
DA:96,2
DA:98,2
DA:100,2
DA:102,4
DA:104,4
DA:106,2
DA:108,2
DA:110,2
DA:114,1
DA:117,1
LF:66
LH:66
BRDA:23,0,0,2
BRDA:23,0,1,2
BRDA:34,1,0,2
BRDA:34,1,1,1
BRDA:35,2,0,1
BRDA:35,2,1,1
BRDA:41,3,0,2
BRDA:41,3,1,2
BRDA:43,4,0,1
BRDA:43,4,1,1
BRDA:49,5,0,2
BRDA:49,5,1,2
BRDA:51,6,0,1
BRDA:51,6,1,1
BRDA:62,7,0,2
BRDA:62,7,1,2
BRDA:68,8,0,4
BRDA:68,8,1,2
BRDA:68,8,2,3
BRDA:68,8,3,2
BRDA:70,9,0,2
BRDA:70,9,1,2
BRDA:93,10,0,2
BRDA:93,10,1,2
BRDA:93,10,2,2
BRDA:93,10,3,2
BRDA:93,10,4,4
BRDA:93,10,5,4
BRDA:93,10,6,2
BRDA:93,10,7,2
BRDA:93,10,8,2
BRDA:93,10,9,0
BRF:32
BRH:31
end_of_record
TN:
SF:src\observer\Observer.ts
FN:6,(anonymous_0)
FN:8,Observer
FN:12,(anonymous_2)
FN:16,(anonymous_3)
FN:18,(anonymous_4)
FNF:5
FNH:3
FNDA:1,(anonymous_0)
FNDA:2,Observer
FNDA:0,(anonymous_2)
FNDA:15,(anonymous_3)
FNDA:0,(anonymous_4)
DA:6,1
DA:9,2
DA:12,1
DA:13,0
DA:16,1
DA:17,15
DA:18,0
DA:21,1
DA:24,1
LF:9
LH:7
BRDA:17,0,0,0
BRDA:17,0,1,15
BRF:2
BRH:1
end_of_record
